14.7162 	WARNING 	User requested fullscreen with size [800 600], but screen is actually [1440, 900]. Using actual size
17.9668 	WARNING 	Couldn't measure a consistent frame rate.
  - Is your graphics card set to sync to vertical blank?
  - Are you running other processes on your computer?

17.9689 	EXP 	Created window1 = Window(allowGUI=False, allowStencil=False, autoLog=True, backendConf=UNKNOWN, bitsMode=UNKNOWN, blendMode='avg', bpc=(8, 8, 8), color=array([0, 0, 0]), colorSpace='rgb', depthBits=8, fullscr=<method-wrapper '__getattribute__' of attributeSetter object at 0x7f95c48d2ac8>, gamma=None, gammaErrorPolicy='raise', lms=UNKNOWN, monitor=<psychopy.monitors.calibTools.Monitor object at 0x7f95c4833358>, multiSample=False, name='window1', numSamples=2, pos=[360.0, 225.0], screen=0, size=array([2880, 1800]), stencilBits=0, stereo=False, units='height', useFBO=True, useRetina=True, viewOri=0.0, viewPos=None, viewScale=None, waitBlanking=True, winType='pyglet')
17.9692 	EXP 	window1: mouseVisible = True
17.9693 	EXP 	window1: recordFrameIntervals = False
18.1996 	EXP 	window1: recordFrameIntervals = True
18.2646 	WARNING 	t of last frame was 24.57ms (=1/40)
18.2869 	WARNING 	t of last frame was 22.27ms (=1/44)
18.3184 	WARNING 	t of last frame was 31.53ms (=1/31)
18.3524 	WARNING 	t of last frame was 21.13ms (=1/47)
18.3961 	WARNING 	Multiple dropped frames have occurred - I'll stop bothering you about them!
20.4571 	WARNING 	Couldn't measure a consistent frame rate.
  - Is your graphics card set to sync to vertical blank?
  - Are you running other processes on your computer?

22.9605 	EXP 	Created text = TextStim(__class__=<class 'psychopy.visual.text.TextStim'>, alignHoriz=method-wrapper(...), alignText='center', alignVert=method-wrapper(...), anchorHoriz='center', anchorVert='center', antialias=True, autoLog=True, bold=False, color=array([1., 1., 1.]), colorSpace='rgb', contrast=1.0, depth=0.0, flipHoriz=False, flipVert=False, font='Arial', fontFiles=[], height=0.04, italic=False, languageStyle='LTR', name='text', opacity=1, ori=0, pos=array([0., 0.]), rgb=UNKNOWN, text=str(...), units='height', win=Window(...), wrapWidth=1)
23.3974 	EXP 	text: autoDraw = True
31.1560 	EXP 	Imported conditions.csv as conditions, 111 conditions, 9 params
31.1706 	EXP 	Created sequence: sequential, trialTypes=111, nReps=1, seed=None
31.1738 	EXP 	Created stim1 = TextStim(__class__=<class 'psychopy.visual.text.TextStim'>, alignHoriz=method-wrapper(...), alignText='center', alignVert=method-wrapper(...), anchorHoriz='center', anchorVert='center', antialias=True, autoLog=True, bold=False, color=array([1., 1., 1.]), colorSpace='rgb', contrast=1.0, depth=-0.0, flipHoriz=False, flipVert=False, font='Arial', fontFiles=[], height=1.2, italic=False, languageStyle='LTR', name='stim1', opacity=1, ori=0, pos=array([10.,  0.]), rgb=UNKNOWN, text='', units='deg', win=Window(...), wrapWidth=15.0)
31.1764 	EXP 	Created stim2 = TextStim(__class__=<class 'psychopy.visual.text.TextStim'>, alignHoriz=method-wrapper(...), alignText='center', alignVert=method-wrapper(...), anchorHoriz='center', anchorVert='center', antialias=True, autoLog=True, bold=False, color=array([1., 1., 1.]), colorSpace='rgb', contrast=1.0, depth=-1.0, flipHoriz=False, flipVert=False, font='Arial', fontFiles=[], height=1.2, italic=False, languageStyle='LTR', name='stim2', opacity=1, ori=0, pos=array([7.07106781, 7.07106781]), rgb=UNKNOWN, text='', units='deg', win=Window(...), wrapWidth=15.0)
31.1789 	EXP 	Created stim3 = TextStim(__class__=<class 'psychopy.visual.text.TextStim'>, alignHoriz=method-wrapper(...), alignText='center', alignVert=method-wrapper(...), anchorHoriz='center', anchorVert='center', antialias=True, autoLog=True, bold=False, color=array([1., 1., 1.]), colorSpace='rgb', contrast=1.0, depth=-2.0, flipHoriz=False, flipVert=False, font='Arial', fontFiles=[], height=1.2, italic=False, languageStyle='LTR', name='stim3', opacity=1, ori=0, pos=array([6.123234e-16, 1.000000e+01]), rgb=UNKNOWN, text='', units='deg', win=Window(...), wrapWidth=15.0)
31.1806 	EXP 	Created stim4 = TextStim(__class__=<class 'psychopy.visual.text.TextStim'>, alignHoriz=method-wrapper(...), alignText='center', alignVert=method-wrapper(...), anchorHoriz='center', anchorVert='center', antialias=True, autoLog=True, bold=False, color=array([1., 1., 1.]), colorSpace='rgb', contrast=1.0, depth=-3.0, flipHoriz=False, flipVert=False, font='Arial', fontFiles=[], height=1.2, italic=False, languageStyle='LTR', name='stim4', opacity=1, ori=0, pos=array([-7.07106781,  7.07106781]), rgb=UNKNOWN, text='', units='deg', win=Window(...), wrapWidth=15.0)
31.1821 	EXP 	Created stim5 = TextStim(__class__=<class 'psychopy.visual.text.TextStim'>, alignHoriz=method-wrapper(...), alignText='center', alignVert=method-wrapper(...), anchorHoriz='center', anchorVert='center', antialias=True, autoLog=True, bold=False, color=array([1., 1., 1.]), colorSpace='rgb', contrast=1.0, depth=-4.0, flipHoriz=False, flipVert=False, font='Arial', fontFiles=[], height=1.2, italic=False, languageStyle='LTR', name='stim5', opacity=1, ori=0, pos=array([-1.0000000e+01,  1.2246468e-15]), rgb=UNKNOWN, text='', units='deg', win=Window(...), wrapWidth=15.0)
31.1846 	EXP 	Created stim6 = TextStim(__class__=<class 'psychopy.visual.text.TextStim'>, alignHoriz=method-wrapper(...), alignText='center', alignVert=method-wrapper(...), anchorHoriz='center', anchorVert='center', antialias=True, autoLog=True, bold=False, color=array([1., 1., 1.]), colorSpace='rgb', contrast=1.0, depth=-5.0, flipHoriz=False, flipVert=False, font='Arial', fontFiles=[], height=1.2, italic=False, languageStyle='LTR', name='stim6', opacity=1, ori=0, pos=array([-7.07106781, -7.07106781]), rgb=UNKNOWN, text='', units='deg', win=Window(...), wrapWidth=15.0)
31.1868 	EXP 	Created stim7 = TextStim(__class__=<class 'psychopy.visual.text.TextStim'>, alignHoriz=method-wrapper(...), alignText='center', alignVert=method-wrapper(...), anchorHoriz='center', anchorVert='center', antialias=True, autoLog=True, bold=False, color=array([1., 1., 1.]), colorSpace='rgb', contrast=1.0, depth=-6.0, flipHoriz=False, flipVert=False, font='Arial', fontFiles=[], height=1.2, italic=False, languageStyle='LTR', name='stim7', opacity=1, ori=0, pos=array([-1.8369702e-15, -1.0000000e+01]), rgb=UNKNOWN, text='', units='deg', win=Window(...), wrapWidth=15.0)
31.1885 	EXP 	Created stim8 = TextStim(__class__=<class 'psychopy.visual.text.TextStim'>, alignHoriz=method-wrapper(...), alignText='center', alignVert=method-wrapper(...), anchorHoriz='center', anchorVert='center', antialias=True, autoLog=True, bold=False, color=array([1., 1., 1.]), colorSpace='rgb', contrast=1.0, depth=-7.0, flipHoriz=False, flipVert=False, font='Arial', fontFiles=[], height=1.2, italic=False, languageStyle='LTR', name='stim8', opacity=1, ori=0, pos=array([ 7.07106781, -7.07106781]), rgb=UNKNOWN, text='', units='deg', win=Window(...), wrapWidth=15.0)
31.1899 	EXP 	Created ref = TextStim(__class__=<class 'psychopy.visual.text.TextStim'>, alignHoriz=method-wrapper(...), alignText='center', alignVert=method-wrapper(...), anchorHoriz='center', anchorVert='center', antialias=True, autoLog=True, bold=False, color=array([1., 1., 1.]), colorSpace='rgb', contrast=1.0, depth=-8.0, flipHoriz=False, flipVert=False, font='Arial', fontFiles=[], height=1.2, italic=False, languageStyle='LTR', name='ref', opacity=1, ori=0, pos=array([0., 0.]), rgb=UNKNOWN, text='', units='deg', win=Window(...), wrapWidth=15.0)
31.1969 	EXP 	Created page = TextStim(__class__=<class 'psychopy.visual.text.TextStim'>, alignHoriz=method-wrapper(...), alignText='center', alignVert=method-wrapper(...), anchorHoriz='center', anchorVert='center', antialias=True, autoLog=True, bold=False, color=array([1., 1., 1.]), colorSpace='rgb', contrast=1.0, depth=-10.0, flipHoriz=False, flipVert=False, font='Arial', fontFiles=[], height=0.5, italic=False, languageStyle='LTR', name='page', opacity=1, ori=0, pos=array([ 20., -12.]), rgb=UNKNOWN, text='kjnk', units='deg', win=Window(...), wrapWidth=15.0)
31.1972 	EXP 	New trial (rep=0, index=0): OrderedDict([('ref', 'elephant'), ('stim1', 'shark'), ('stim2', 'giraffe'), ('stim3', 'ladybug'), ('stim4', 'snake'), ('stim5', 'dolphin'), ('stim6', 'cow'), ('stim7', 'cat'), ('stim8', 'hog')])
31.1973 	EXP 	window1: mouseVisible = True
31.2475 	DATA 	Keypress: space
31.2731 	EXP 	text: autoDraw = False
31.2731 	EXP 	stim1: text = 'shark'
31.2731 	EXP 	stim2: text = 'giraffe'
31.2731 	EXP 	stim3: text = 'ladybug'
31.2731 	EXP 	stim4: text = 'snake'
31.2731 	EXP 	stim5: text = 'dolphin'
31.2731 	EXP 	stim6: text = 'cow'
31.2731 	EXP 	stim7: text = 'cat'
31.2731 	EXP 	stim8: text = 'hog'
31.2731 	EXP 	ref: text = 'elephant'
31.2731 	EXP 	page: text = '1'
31.2731 	EXP 	page: autoDraw = True
31.2731 	EXP 	ref: autoDraw = True
31.2731 	EXP 	stim1: autoDraw = True
31.2731 	EXP 	stim2: autoDraw = True
31.2731 	EXP 	stim3: autoDraw = True
31.2731 	EXP 	stim4: autoDraw = True
31.2731 	EXP 	stim5: autoDraw = True
31.2731 	EXP 	stim6: autoDraw = True
31.2731 	EXP 	stim7: autoDraw = True
31.2731 	EXP 	stim8: autoDraw = True
31.2974 	EXP 	page: autoDraw = True
31.3229 	EXP 	page: autoDraw = True
31.3507 	EXP 	page: autoDraw = True
31.3787 	EXP 	page: autoDraw = True
31.4062 	EXP 	page: autoDraw = True
31.4419 	EXP 	page: autoDraw = True
31.4683 	EXP 	page: autoDraw = True
31.4932 	EXP 	page: autoDraw = True
31.5217 	EXP 	page: autoDraw = True
31.5533 	EXP 	page: autoDraw = True
31.5825 	EXP 	page: autoDraw = True
31.6096 	EXP 	page: autoDraw = True
31.6374 	EXP 	page: autoDraw = True
31.6667 	EXP 	page: autoDraw = True
31.6978 	EXP 	page: autoDraw = True
31.7258 	EXP 	page: autoDraw = True
31.7548 	EXP 	page: autoDraw = True
31.7864 	EXP 	page: autoDraw = True
31.8163 	EXP 	page: autoDraw = True
31.8509 	EXP 	page: autoDraw = True
31.8761 	EXP 	page: autoDraw = True
31.9029 	EXP 	page: autoDraw = True
31.9337 	EXP 	page: autoDraw = True
31.9646 	EXP 	page: autoDraw = True
31.9870 	EXP 	page: autoDraw = True
32.0175 	EXP 	page: autoDraw = True
32.0543 	EXP 	page: autoDraw = True
32.0822 	EXP 	page: autoDraw = True
32.1072 	EXP 	page: autoDraw = True
32.1390 	EXP 	page: autoDraw = True
32.1711 	EXP 	page: autoDraw = True
32.2017 	EXP 	page: autoDraw = True
32.2336 	EXP 	page: autoDraw = True
32.2713 	EXP 	page: autoDraw = True
32.2968 	EXP 	page: autoDraw = True
32.3257 	EXP 	page: autoDraw = True
32.3524 	EXP 	page: autoDraw = True
32.3834 	EXP 	page: autoDraw = True
32.4090 	EXP 	page: autoDraw = True
32.4371 	EXP 	page: autoDraw = True
32.4680 	EXP 	page: autoDraw = True
32.5006 	EXP 	page: autoDraw = True
32.5289 	EXP 	page: autoDraw = True
32.5557 	EXP 	page: autoDraw = True
32.5843 	EXP 	page: autoDraw = True
32.6237 	EXP 	page: autoDraw = True
32.6503 	EXP 	page: autoDraw = True
32.6773 	EXP 	page: autoDraw = True
32.7039 	EXP 	page: autoDraw = True
32.7369 	EXP 	page: autoDraw = True
32.7666 	EXP 	page: autoDraw = True
32.7949 	EXP 	page: autoDraw = True
32.8225 	EXP 	page: autoDraw = True
32.8522 	EXP 	page: autoDraw = True
32.8823 	EXP 	page: autoDraw = True
32.9110 	EXP 	page: autoDraw = True
32.9383 	EXP 	page: autoDraw = True
32.9699 	EXP 	page: autoDraw = True
33.0027 	EXP 	page: autoDraw = True
33.0302 	EXP 	page: autoDraw = True
33.0555 	EXP 	page: autoDraw = True
33.0842 	EXP 	page: autoDraw = True
33.1220 	EXP 	page: autoDraw = True
33.1494 	EXP 	page: autoDraw = True
33.1795 	EXP 	page: autoDraw = True
33.2092 	EXP 	page: autoDraw = True
33.2349 	EXP 	page: autoDraw = True
33.2627 	EXP 	page: autoDraw = True
33.2883 	EXP 	page: autoDraw = True
33.3191 	EXP 	page: autoDraw = True
33.3498 	EXP 	page: autoDraw = True
33.3739 	EXP 	page: autoDraw = True
33.4041 	EXP 	page: autoDraw = True
33.4300 	EXP 	page: autoDraw = True
33.4551 	EXP 	page: autoDraw = True
33.4860 	EXP 	page: autoDraw = True
33.5149 	EXP 	page: autoDraw = True
33.5418 	EXP 	page: autoDraw = True
33.5800 	EXP 	page: autoDraw = True
33.6074 	EXP 	page: autoDraw = True
33.6353 	EXP 	page: autoDraw = True
33.6693 	EXP 	page: autoDraw = True
33.7008 	EXP 	page: autoDraw = True
33.7328 	EXP 	page: autoDraw = True
33.7651 	EXP 	page: autoDraw = True
33.7932 	EXP 	page: autoDraw = True
33.8197 	EXP 	page: autoDraw = True
33.8534 	EXP 	page: autoDraw = True
33.8789 	EXP 	page: autoDraw = True
33.9101 	EXP 	page: autoDraw = True
33.9424 	EXP 	page: autoDraw = True
33.9741 	EXP 	page: autoDraw = True
34.0054 	EXP 	page: autoDraw = True
34.0367 	EXP 	page: autoDraw = True
34.0678 	EXP 	page: autoDraw = True
34.0999 	EXP 	page: autoDraw = True
34.1320 	EXP 	page: autoDraw = True
34.1572 	EXP 	page: autoDraw = True
34.1861 	EXP 	page: autoDraw = True
34.2258 	EXP 	page: autoDraw = True
34.2662 	EXP 	page: autoDraw = True
34.2936 	EXP 	page: autoDraw = True
34.3299 	EXP 	page: autoDraw = True
34.3575 	EXP 	page: autoDraw = True
34.3884 	EXP 	page: autoDraw = True
34.4134 	EXP 	page: autoDraw = True
34.4480 	EXP 	page: autoDraw = True
34.4748 	EXP 	page: autoDraw = True
34.5028 	EXP 	page: autoDraw = True
34.5348 	EXP 	page: autoDraw = True
34.5656 	EXP 	page: autoDraw = True
34.5985 	EXP 	page: autoDraw = True
34.6273 	EXP 	page: autoDraw = True
34.6534 	EXP 	page: autoDraw = True
34.6864 	EXP 	page: autoDraw = True
34.7236 	EXP 	page: autoDraw = True
34.7663 	EXP 	page: autoDraw = True
34.7937 	EXP 	page: autoDraw = True
34.8185 	EXP 	page: autoDraw = True
34.8490 	EXP 	page: autoDraw = True
34.8780 	EXP 	page: autoDraw = True
34.9048 	EXP 	page: autoDraw = True
34.9399 	EXP 	page: autoDraw = True
34.9668 	EXP 	page: autoDraw = True
34.9931 	EXP 	page: autoDraw = True
35.0201 	EXP 	page: autoDraw = True
35.0511 	EXP 	page: autoDraw = True
35.0827 	EXP 	page: autoDraw = True
35.1135 	EXP 	page: autoDraw = True
35.1443 	EXP 	page: autoDraw = True
35.1681 	EXP 	page: autoDraw = True
35.2010 	EXP 	page: autoDraw = True
35.2336 	EXP 	page: autoDraw = True
35.2612 	EXP 	page: autoDraw = True
35.2881 	EXP 	page: autoDraw = True
35.3182 	EXP 	page: autoDraw = True
35.3478 	EXP 	page: autoDraw = True
35.3727 	EXP 	page: autoDraw = True
35.3981 	EXP 	page: autoDraw = True
35.4285 	EXP 	page: autoDraw = True
35.4578 	EXP 	page: autoDraw = True
35.4843 	EXP 	page: autoDraw = True
35.5189 	EXP 	page: autoDraw = True
35.5457 	EXP 	page: autoDraw = True
35.5753 	EXP 	page: autoDraw = True
35.6049 	EXP 	page: autoDraw = True
35.6343 	EXP 	page: autoDraw = True
35.6620 	EXP 	page: autoDraw = True
35.6911 	EXP 	page: autoDraw = True
35.7169 	EXP 	page: autoDraw = True
35.7476 	EXP 	page: autoDraw = True
35.7763 	EXP 	page: autoDraw = True
35.8022 	EXP 	page: autoDraw = True
35.8357 	EXP 	page: autoDraw = True
35.8672 	EXP 	page: autoDraw = True
35.8921 	EXP 	page: autoDraw = True
35.9207 	EXP 	page: autoDraw = True
35.9557 	EXP 	page: autoDraw = True
35.9815 	EXP 	page: autoDraw = True
36.0099 	EXP 	page: autoDraw = True
36.0378 	EXP 	page: autoDraw = True
36.0684 	EXP 	page: autoDraw = True
36.0977 	EXP 	page: autoDraw = True
36.1290 	EXP 	page: autoDraw = True
36.1550 	EXP 	page: autoDraw = True
36.1816 	EXP 	page: autoDraw = True
36.2125 	EXP 	page: autoDraw = True
36.2348 	EXP 	page: autoDraw = True
36.2675 	EXP 	page: autoDraw = True
36.2979 	EXP 	page: autoDraw = True
36.3286 	EXP 	page: autoDraw = True
36.3543 	EXP 	page: autoDraw = True
36.3861 	EXP 	page: autoDraw = True
36.4221 	EXP 	page: autoDraw = True
36.4515 	EXP 	page: autoDraw = True
36.4799 	EXP 	page: autoDraw = True
36.5050 	EXP 	page: autoDraw = True
36.5323 	EXP 	page: autoDraw = True
36.5587 	EXP 	page: autoDraw = True
36.5861 	EXP 	page: autoDraw = True
36.6243 	EXP 	page: autoDraw = True
36.6521 	EXP 	page: autoDraw = True
36.6806 	EXP 	page: autoDraw = True
36.7138 	EXP 	page: autoDraw = True
36.7368 	EXP 	page: autoDraw = True
36.7665 	EXP 	page: autoDraw = True
36.8039 	EXP 	page: autoDraw = True
36.8299 	EXP 	page: autoDraw = True
36.8591 	EXP 	page: autoDraw = True
36.8879 	EXP 	page: autoDraw = True
36.9184 	EXP 	page: autoDraw = True
36.9488 	EXP 	page: autoDraw = True
36.9828 	EXP 	page: autoDraw = True
37.0075 	EXP 	page: autoDraw = True
37.0358 	EXP 	page: autoDraw = True
37.0697 	EXP 	page: autoDraw = True
37.1057 	EXP 	page: autoDraw = True
37.1321 	EXP 	page: autoDraw = True
37.1652 	EXP 	page: autoDraw = True
37.1972 	EXP 	page: autoDraw = True
37.2344 	EXP 	page: autoDraw = True
37.2719 	EXP 	page: autoDraw = True
37.3064 	EXP 	page: autoDraw = True
37.3358 	EXP 	page: autoDraw = True
37.3697 	EXP 	page: autoDraw = True
37.4041 	EXP 	page: autoDraw = True
37.4407 	EXP 	page: autoDraw = True
37.4730 	EXP 	page: autoDraw = True
37.5142 	EXP 	page: autoDraw = True
37.5516 	EXP 	page: autoDraw = True
37.5847 	EXP 	page: autoDraw = True
37.6151 	EXP 	page: autoDraw = True
37.6393 	EXP 	page: autoDraw = True
37.6732 	EXP 	page: autoDraw = True
37.7008 	EXP 	page: autoDraw = True
37.7382 	EXP 	page: autoDraw = True
37.7643 	EXP 	page: autoDraw = True
37.7901 	EXP 	page: autoDraw = True
37.8200 	EXP 	page: autoDraw = True
37.8520 	EXP 	page: autoDraw = True
37.8816 	EXP 	page: autoDraw = True
37.9100 	EXP 	page: autoDraw = True
37.9353 	EXP 	page: autoDraw = True
37.9687 	EXP 	page: autoDraw = True
37.9976 	EXP 	page: autoDraw = True
38.0280 	EXP 	page: autoDraw = True
38.0543 	EXP 	page: autoDraw = True
38.0914 	EXP 	page: autoDraw = True
38.1184 	EXP 	page: autoDraw = True
38.1499 	EXP 	page: autoDraw = True
38.1516 	DATA 	Mouse: Left button down, pos=(493,198)
38.1838 	EXP 	page: autoDraw = True
38.2074 	EXP 	page: autoDraw = True
38.2384 	EXP 	page: autoDraw = True
38.2757 	EXP 	page: autoDraw = True
38.3006 	EXP 	page: autoDraw = True
38.3299 	EXP 	page: autoDraw = True
38.3634 	EXP 	page: autoDraw = True
38.3825 	DATA 	Mouse:  Left button up, pos=(493,198)
38.3966 	EXP 	page: autoDraw = True
38.4260 	EXP 	page: autoDraw = True
38.4520 	EXP 	page: autoDraw = True
38.4833 	EXP 	page: autoDraw = True
38.5158 	EXP 	page: autoDraw = True
38.5412 	EXP 	page: autoDraw = True
38.5781 	EXP 	page: autoDraw = True
38.6083 	EXP 	page: autoDraw = True
38.6342 	EXP 	page: autoDraw = True
38.6678 	EXP 	page: autoDraw = True
38.6995 	EXP 	page: autoDraw = True
38.7292 	EXP 	page: autoDraw = True
38.7546 	EXP 	page: autoDraw = True
38.7846 	EXP 	page: autoDraw = True
38.8131 	EXP 	page: autoDraw = True
38.8370 	EXP 	page: autoDraw = True
38.8741 	EXP 	page: autoDraw = True
38.8992 	EXP 	page: autoDraw = True
38.9250 	EXP 	page: autoDraw = True
38.9501 	EXP 	page: autoDraw = True
38.9852 	EXP 	page: autoDraw = True
39.0131 	EXP 	page: autoDraw = True
39.0466 	EXP 	page: autoDraw = True
39.0723 	EXP 	page: autoDraw = True
39.1027 	EXP 	page: autoDraw = True
39.1279 	EXP 	page: autoDraw = True
39.1553 	EXP 	page: autoDraw = True
39.1847 	EXP 	page: autoDraw = True
39.2190 	EXP 	page: autoDraw = True
39.2471 	EXP 	page: autoDraw = True
39.2746 	EXP 	page: autoDraw = True
39.3024 	EXP 	page: autoDraw = True
39.3293 	EXP 	page: autoDraw = True
39.3570 	EXP 	page: autoDraw = True
39.3849 	EXP 	page: autoDraw = True
39.4107 	EXP 	page: autoDraw = True
39.4371 	EXP 	page: autoDraw = True
39.4694 	EXP 	page: autoDraw = True
39.5032 	EXP 	page: autoDraw = True
39.5328 	EXP 	page: autoDraw = True
39.5596 	EXP 	page: autoDraw = True
39.5851 	EXP 	page: autoDraw = True
39.6164 	EXP 	page: autoDraw = True
39.6546 	EXP 	page: autoDraw = True
39.6764 	EXP 	page: autoDraw = True
39.7026 	EXP 	page: autoDraw = True
39.7357 	EXP 	page: autoDraw = True
39.7677 	EXP 	page: autoDraw = True
39.7927 	EXP 	page: autoDraw = True
39.8332 	EXP 	page: autoDraw = True
39.8606 	EXP 	page: autoDraw = True
39.8870 	EXP 	page: autoDraw = True
39.9147 	EXP 	page: autoDraw = True
39.9536 	EXP 	page: autoDraw = True
39.9767 	EXP 	page: autoDraw = True
40.0132 	EXP 	page: autoDraw = True
40.0422 	EXP 	page: autoDraw = True
40.0707 	EXP 	page: autoDraw = True
40.1052 	EXP 	page: autoDraw = True
40.1347 	EXP 	page: autoDraw = True
40.1606 	EXP 	page: autoDraw = True
40.1868 	EXP 	page: autoDraw = True
40.2125 	EXP 	page: autoDraw = True
40.2377 	EXP 	page: autoDraw = True
40.2688 	EXP 	page: autoDraw = True
40.3030 	EXP 	page: autoDraw = True
40.3356 	EXP 	page: autoDraw = True
40.3687 	EXP 	page: autoDraw = True
40.3970 	EXP 	page: autoDraw = True
40.4264 	EXP 	page: autoDraw = True
40.4595 	EXP 	page: autoDraw = True
40.4919 	EXP 	page: autoDraw = True
40.5228 	EXP 	page: autoDraw = True
40.5584 	EXP 	page: autoDraw = True
40.5919 	EXP 	page: autoDraw = True
40.6199 	EXP 	page: autoDraw = True
40.6527 	EXP 	page: autoDraw = True
40.6844 	EXP 	page: autoDraw = True
40.7178 	EXP 	page: autoDraw = True
40.7672 	EXP 	page: autoDraw = True
40.8091 	EXP 	page: autoDraw = True
40.8579 	EXP 	page: autoDraw = True
40.8834 	EXP 	page: autoDraw = True
40.9164 	EXP 	page: autoDraw = True
40.9466 	EXP 	page: autoDraw = True
40.9823 	EXP 	page: autoDraw = True
41.0128 	EXP 	page: autoDraw = True
41.0460 	EXP 	page: autoDraw = True
41.0742 	EXP 	page: autoDraw = True
41.1010 	EXP 	page: autoDraw = True
41.1288 	EXP 	page: autoDraw = True
41.1558 	EXP 	page: autoDraw = True
41.1838 	EXP 	page: autoDraw = True
41.2056 	EXP 	page: autoDraw = True
41.2351 	EXP 	page: autoDraw = True
41.2684 	EXP 	page: autoDraw = True
41.2941 	EXP 	page: autoDraw = True
41.3217 	EXP 	page: autoDraw = True
41.3513 	EXP 	page: autoDraw = True
41.3831 	EXP 	page: autoDraw = True
41.4127 	EXP 	page: autoDraw = True
41.4420 	EXP 	page: autoDraw = True
41.4721 	EXP 	page: autoDraw = True
41.5058 	EXP 	page: autoDraw = True
41.5424 	EXP 	page: autoDraw = True
41.5761 	EXP 	page: autoDraw = True
41.6052 	EXP 	page: autoDraw = True
41.6487 	EXP 	page: autoDraw = True
41.6733 	EXP 	page: autoDraw = True
41.7028 	EXP 	page: autoDraw = True
41.7279 	EXP 	page: autoDraw = True
41.7541 	EXP 	page: autoDraw = True
41.7858 	EXP 	page: autoDraw = True
41.8170 	EXP 	page: autoDraw = True
41.8484 	EXP 	page: autoDraw = True
41.8801 	EXP 	page: autoDraw = True
41.9126 	EXP 	page: autoDraw = True
41.9444 	EXP 	page: autoDraw = True
41.9814 	EXP 	page: autoDraw = True
42.0153 	EXP 	page: autoDraw = True
42.0487 	EXP 	page: autoDraw = True
42.0794 	EXP 	page: autoDraw = True
42.1114 	EXP 	page: autoDraw = True
42.1390 	EXP 	page: autoDraw = True
42.1718 	EXP 	page: autoDraw = True
42.2004 	EXP 	page: autoDraw = True
42.2348 	EXP 	page: autoDraw = True
42.2740 	EXP 	page: autoDraw = True
42.3042 	EXP 	page: autoDraw = True
42.3357 	EXP 	page: autoDraw = True
42.3693 	EXP 	page: autoDraw = True
42.4029 	EXP 	page: autoDraw = True
42.4483 	EXP 	page: autoDraw = True
42.4861 	EXP 	page: autoDraw = True
42.5132 	EXP 	page: autoDraw = True
42.5470 	EXP 	page: autoDraw = True
42.5776 	EXP 	page: autoDraw = True
42.6093 	EXP 	page: autoDraw = True
42.6346 	EXP 	page: autoDraw = True
42.6678 	EXP 	page: autoDraw = True
42.7024 	EXP 	page: autoDraw = True
42.7418 	EXP 	page: autoDraw = True
42.7712 	EXP 	page: autoDraw = True
42.8037 	EXP 	page: autoDraw = True
42.8291 	EXP 	page: autoDraw = True
42.8537 	EXP 	page: autoDraw = True
42.8813 	EXP 	page: autoDraw = True
42.9179 	EXP 	page: autoDraw = True
42.9465 	EXP 	page: autoDraw = True
42.9718 	EXP 	page: autoDraw = True
43.0032 	EXP 	page: autoDraw = True
43.0064 	DATA 	Mouse: Left button down, pos=(929,679)
43.0458 	EXP 	page: autoDraw = True
43.0770 	EXP 	page: autoDraw = True
43.0925 	DATA 	Mouse:  Left button up, pos=(929,679)
43.1026 	EXP 	page: autoDraw = True
43.1331 	EXP 	page: autoDraw = True
43.1608 	EXP 	page: autoDraw = True
43.1879 	EXP 	page: autoDraw = True
43.2265 	EXP 	page: autoDraw = True
43.2514 	EXP 	page: autoDraw = True
43.2747 	EXP 	page: autoDraw = True
43.3169 	EXP 	page: autoDraw = True
43.3438 	EXP 	page: autoDraw = True
43.3681 	EXP 	page: autoDraw = True
43.4052 	EXP 	page: autoDraw = True
43.4270 	EXP 	page: autoDraw = True
43.4537 	EXP 	page: autoDraw = True
43.4848 	EXP 	page: autoDraw = True
43.5145 	EXP 	page: autoDraw = True
43.5408 	EXP 	page: autoDraw = True
43.5830 	EXP 	page: autoDraw = True
43.6147 	EXP 	page: autoDraw = True
43.6470 	EXP 	page: autoDraw = True
43.6812 	EXP 	page: autoDraw = True
43.7137 	EXP 	page: autoDraw = True
43.7533 	EXP 	page: autoDraw = True
43.7821 	EXP 	page: autoDraw = True
43.8140 	EXP 	page: autoDraw = True
43.8414 	EXP 	page: autoDraw = True
43.8715 	EXP 	page: autoDraw = True
43.9050 	EXP 	page: autoDraw = True
43.9356 	EXP 	page: autoDraw = True
43.9604 	EXP 	page: autoDraw = True
43.9865 	EXP 	page: autoDraw = True
44.0137 	EXP 	page: autoDraw = True
44.0397 	EXP 	page: autoDraw = True
44.0751 	EXP 	page: autoDraw = True
44.1024 	EXP 	page: autoDraw = True
44.1269 	EXP 	page: autoDraw = True
44.1611 	EXP 	page: autoDraw = True
44.1914 	EXP 	page: autoDraw = True
44.2252 	EXP 	page: autoDraw = True
44.2653 	EXP 	page: autoDraw = True
44.2972 	EXP 	page: autoDraw = True
44.3381 	EXP 	page: autoDraw = True
44.3655 	EXP 	page: autoDraw = True
44.3884 	EXP 	page: autoDraw = True
44.4208 	EXP 	page: autoDraw = True
44.4546 	EXP 	page: autoDraw = True
44.4826 	EXP 	page: autoDraw = True
44.5161 	EXP 	page: autoDraw = True
44.5509 	EXP 	page: autoDraw = True
44.5853 	EXP 	page: autoDraw = True
44.6192 	EXP 	page: autoDraw = True
44.6442 	EXP 	page: autoDraw = True
44.6685 	EXP 	page: autoDraw = True
44.6898 	DATA 	Mouse: Left button down, pos=(966,207)
44.7002 	EXP 	page: autoDraw = True
44.7368 	EXP 	page: autoDraw = True
44.7572 	EXP 	page: autoDraw = True
44.7747 	DATA 	Mouse:  Left button up, pos=(966,207)
44.7972 	EXP 	page: autoDraw = True
44.8201 	EXP 	page: autoDraw = True
44.8508 	EXP 	page: autoDraw = True
44.8722 	EXP 	page: autoDraw = True
44.9096 	EXP 	page: autoDraw = True
44.9360 	EXP 	page: autoDraw = True
44.9612 	EXP 	page: autoDraw = True
44.9996 	EXP 	page: autoDraw = True
45.0225 	EXP 	page: autoDraw = True
45.0497 	EXP 	page: autoDraw = True
45.0728 	EXP 	page: autoDraw = True
45.1053 	EXP 	page: autoDraw = True
45.1348 	EXP 	page: autoDraw = True
45.1622 	EXP 	page: autoDraw = True
45.1934 	EXP 	page: autoDraw = True
45.2271 	EXP 	page: autoDraw = True
45.2647 	EXP 	page: autoDraw = True
45.2984 	EXP 	page: autoDraw = True
45.3308 	EXP 	page: autoDraw = True
45.3626 	EXP 	page: autoDraw = True
45.3885 	EXP 	page: autoDraw = True
45.4184 	EXP 	page: autoDraw = True
45.4402 	EXP 	page: autoDraw = True
45.4814 	EXP 	page: autoDraw = True
45.5078 	EXP 	page: autoDraw = True
45.5385 	EXP 	page: autoDraw = True
45.5654 	EXP 	page: autoDraw = True
45.5930 	EXP 	page: autoDraw = True
45.6231 	EXP 	page: autoDraw = True
45.6606 	EXP 	page: autoDraw = True
45.6847 	EXP 	page: autoDraw = True
45.7206 	EXP 	page: autoDraw = True
45.7484 	EXP 	page: autoDraw = True
45.7825 	EXP 	page: autoDraw = True
45.8156 	EXP 	page: autoDraw = True
45.8497 	EXP 	page: autoDraw = True
45.8837 	EXP 	page: autoDraw = True
45.9114 	EXP 	page: autoDraw = True
45.9376 	EXP 	page: autoDraw = True
45.9706 	EXP 	page: autoDraw = True
46.0032 	EXP 	page: autoDraw = True
46.1177 	EXP 	page: autoDraw = True
46.1456 	EXP 	page: autoDraw = True
46.1764 	EXP 	page: autoDraw = True
46.2232 	EXP 	page: autoDraw = True
46.2532 	EXP 	page: autoDraw = True
46.2777 	EXP 	page: autoDraw = True
46.3051 	EXP 	page: autoDraw = True
46.3377 	EXP 	page: autoDraw = True
46.3711 	EXP 	page: autoDraw = True
46.4035 	EXP 	page: autoDraw = True
46.4473 	EXP 	page: autoDraw = True
46.4874 	EXP 	page: autoDraw = True
46.5172 	EXP 	page: autoDraw = True
46.5449 	EXP 	page: autoDraw = True
46.5671 	EXP 	page: autoDraw = True
46.5971 	EXP 	page: autoDraw = True
46.6238 	EXP 	page: autoDraw = True
46.6658 	EXP 	page: autoDraw = True
46.6929 	EXP 	page: autoDraw = True
46.7184 	EXP 	page: autoDraw = True
46.7554 	EXP 	page: autoDraw = True
46.7892 	EXP 	page: autoDraw = True
46.8070 	DATA 	Mouse: Left button down, pos=(724,112)
46.8192 	EXP 	page: autoDraw = True
46.8588 	EXP 	page: autoDraw = True
46.8860 	EXP 	page: autoDraw = True
46.9087 	EXP 	page: autoDraw = True
46.9339 	EXP 	page: autoDraw = True
46.9669 	EXP 	page: autoDraw = True
46.9683 	DATA 	Mouse:  Left button up, pos=(724,112)
46.9929 	EXP 	page: autoDraw = True
47.0182 	EXP 	page: autoDraw = True
47.0449 	EXP 	page: autoDraw = True
47.0661 	EXP 	page: autoDraw = True
47.0930 	EXP 	page: autoDraw = True
47.1183 	EXP 	page: autoDraw = True
47.1425 	EXP 	page: autoDraw = True
47.1793 	EXP 	page: autoDraw = True
47.2094 	EXP 	page: autoDraw = True
47.2371 	EXP 	page: autoDraw = True
47.2622 	EXP 	page: autoDraw = True
47.2870 	EXP 	page: autoDraw = True
47.3117 	EXP 	page: autoDraw = True
47.3419 	EXP 	page: autoDraw = True
47.3827 	EXP 	page: autoDraw = True
47.4205 	EXP 	page: autoDraw = True
47.4509 	EXP 	page: autoDraw = True
47.4821 	EXP 	page: autoDraw = True
47.5156 	EXP 	page: autoDraw = True
47.5436 	EXP 	page: autoDraw = True
47.5740 	EXP 	page: autoDraw = True
47.5995 	EXP 	page: autoDraw = True
47.6262 	EXP 	page: autoDraw = True
47.6502 	EXP 	page: autoDraw = True
47.6768 	EXP 	page: autoDraw = True
47.7152 	EXP 	page: autoDraw = True
47.7421 	EXP 	page: autoDraw = True
47.7679 	EXP 	page: autoDraw = True
47.7888 	EXP 	page: autoDraw = True
47.8215 	EXP 	page: autoDraw = True
47.8448 	EXP 	page: autoDraw = True
47.8783 	EXP 	page: autoDraw = True
47.9062 	EXP 	page: autoDraw = True
47.9397 	EXP 	page: autoDraw = True
47.9731 	EXP 	page: autoDraw = True
48.0055 	EXP 	page: autoDraw = True
48.0348 	EXP 	page: autoDraw = True
48.0619 	EXP 	page: autoDraw = True
48.0889 	EXP 	page: autoDraw = True
48.1193 	EXP 	page: autoDraw = True
48.1473 	EXP 	page: autoDraw = True
48.1885 	EXP 	page: autoDraw = True
48.2178 	EXP 	page: autoDraw = True
48.2554 	EXP 	page: autoDraw = True
48.2811 	EXP 	page: autoDraw = True
48.3092 	DATA 	Mouse: Left button down, pos=(422,445)
48.3183 	EXP 	page: autoDraw = True
48.3578 	EXP 	page: autoDraw = True
48.3839 	EXP 	page: autoDraw = True
48.4060 	EXP 	page: autoDraw = True
48.4331 	EXP 	page: autoDraw = True
48.4637 	EXP 	page: autoDraw = True
48.4888 	EXP 	page: autoDraw = True
48.5160 	EXP 	page: autoDraw = True
48.5417 	EXP 	page: autoDraw = True
48.5667 	EXP 	page: autoDraw = True
48.5693 	DATA 	Mouse:  Left button up, pos=(422,445)
48.5882 	EXP 	page: autoDraw = True
48.6237 	EXP 	page: autoDraw = True
48.6640 	EXP 	page: autoDraw = True
48.6898 	EXP 	page: autoDraw = True
48.7175 	EXP 	page: autoDraw = True
48.7379 	EXP 	page: autoDraw = True
48.7829 	EXP 	page: autoDraw = True
48.8100 	EXP 	page: autoDraw = True
48.8326 	EXP 	page: autoDraw = True
48.8587 	EXP 	page: autoDraw = True
48.8803 	EXP 	page: autoDraw = True
48.9042 	EXP 	page: autoDraw = True
48.9400 	EXP 	page: autoDraw = True
48.9647 	EXP 	page: autoDraw = True
48.9916 	EXP 	page: autoDraw = True
49.0182 	EXP 	page: autoDraw = True
49.0452 	EXP 	page: autoDraw = True
49.0702 	EXP 	page: autoDraw = True
49.0947 	EXP 	page: autoDraw = True
49.1203 	EXP 	page: autoDraw = True
49.1445 	EXP 	page: autoDraw = True
49.1670 	EXP 	page: autoDraw = True
49.2007 	EXP 	page: autoDraw = True
49.2249 	EXP 	page: autoDraw = True
49.2491 	EXP 	page: autoDraw = True
49.2766 	EXP 	page: autoDraw = True
49.3075 	EXP 	page: autoDraw = True
49.3411 	EXP 	page: autoDraw = True
49.3765 	EXP 	page: autoDraw = True
49.4054 	EXP 	page: autoDraw = True
49.4424 	EXP 	page: autoDraw = True
49.4690 	EXP 	page: autoDraw = True
49.4972 	EXP 	page: autoDraw = True
49.5243 	EXP 	page: autoDraw = True
49.5654 	EXP 	page: autoDraw = True
49.5968 	EXP 	page: autoDraw = True
49.6255 	EXP 	page: autoDraw = True
49.6535 	EXP 	page: autoDraw = True
49.6813 	EXP 	page: autoDraw = True
49.7057 	EXP 	page: autoDraw = True
49.7359 	EXP 	page: autoDraw = True
49.7605 	EXP 	page: autoDraw = True
49.7880 	EXP 	page: autoDraw = True
49.8159 	EXP 	page: autoDraw = True
49.8399 	EXP 	page: autoDraw = True
49.8648 	EXP 	page: autoDraw = True
49.8868 	EXP 	page: autoDraw = True
49.9192 	EXP 	page: autoDraw = True
49.9475 	EXP 	page: autoDraw = True
49.9753 	EXP 	page: autoDraw = True
50.0048 	EXP 	page: autoDraw = True
50.0407 	EXP 	page: autoDraw = True
50.0696 	EXP 	page: autoDraw = True
50.1082 	EXP 	page: autoDraw = True
50.1410 	EXP 	page: autoDraw = True
50.1679 	EXP 	page: autoDraw = True
50.1927 	EXP 	page: autoDraw = True
50.2310 	EXP 	page: autoDraw = True
50.2526 	EXP 	page: autoDraw = True
50.2897 	EXP 	page: autoDraw = True
50.3179 	EXP 	page: autoDraw = True
50.3432 	EXP 	page: autoDraw = True
50.3649 	EXP 	page: autoDraw = True
50.3889 	EXP 	page: autoDraw = True
50.4199 	EXP 	page: autoDraw = True
50.4501 	EXP 	page: autoDraw = True
50.4802 	EXP 	page: autoDraw = True
50.5083 	EXP 	page: autoDraw = True
50.5382 	EXP 	page: autoDraw = True
50.5663 	EXP 	page: autoDraw = True
50.5928 	EXP 	page: autoDraw = True
50.6198 	EXP 	page: autoDraw = True
50.6477 	EXP 	page: autoDraw = True
50.6715 	EXP 	page: autoDraw = True
50.6982 	EXP 	page: autoDraw = True
50.7249 	EXP 	page: autoDraw = True
50.7525 	EXP 	page: autoDraw = True
50.7857 	EXP 	page: autoDraw = True
50.8244 	EXP 	page: autoDraw = True
50.8505 	EXP 	page: autoDraw = True
50.8723 	EXP 	page: autoDraw = True
50.9172 	EXP 	page: autoDraw = True
50.9425 	EXP 	page: autoDraw = True
50.9672 	EXP 	page: autoDraw = True
50.9886 	EXP 	page: autoDraw = True
51.0325 	EXP 	page: autoDraw = True
51.0555 	EXP 	page: autoDraw = True
51.0832 	EXP 	page: autoDraw = True
51.1051 	EXP 	page: autoDraw = True
51.1243 	DATA 	Mouse: Left button down, pos=(1072,441)
51.1374 	EXP 	page: autoDraw = True
51.1655 	EXP 	page: autoDraw = True
51.1884 	EXP 	page: autoDraw = True
51.1909 	DATA 	Mouse:  Left button up, pos=(1072,441)
51.2199 	EXP 	page: autoDraw = True
51.2466 	EXP 	page: autoDraw = True
51.2677 	EXP 	page: autoDraw = True
51.2944 	EXP 	page: autoDraw = True
51.3221 	EXP 	page: autoDraw = True
51.3494 	EXP 	page: autoDraw = True
51.3699 	EXP 	page: autoDraw = True
51.4034 	EXP 	page: autoDraw = True
51.4310 	EXP 	page: autoDraw = True
51.4530 	EXP 	page: autoDraw = True
51.4837 	EXP 	page: autoDraw = True
51.5075 	EXP 	page: autoDraw = True
51.5329 	EXP 	page: autoDraw = True
51.5611 	EXP 	page: autoDraw = True
51.5896 	EXP 	page: autoDraw = True
51.6277 	EXP 	page: autoDraw = True
51.6552 	EXP 	page: autoDraw = True
51.6884 	EXP 	page: autoDraw = True
51.7220 	EXP 	page: autoDraw = True
51.7548 	EXP 	page: autoDraw = True
51.7836 	EXP 	page: autoDraw = True
51.8110 	EXP 	page: autoDraw = True
51.8410 	EXP 	page: autoDraw = True
51.8689 	EXP 	page: autoDraw = True
51.9021 	EXP 	page: autoDraw = True
51.9298 	EXP 	page: autoDraw = True
51.9577 	EXP 	page: autoDraw = True
51.9867 	EXP 	page: autoDraw = True
52.0201 	EXP 	page: autoDraw = True
52.0478 	EXP 	page: autoDraw = True
52.0826 	EXP 	page: autoDraw = True
52.1079 	EXP 	page: autoDraw = True
52.1362 	EXP 	page: autoDraw = True
52.1592 	EXP 	page: autoDraw = True
52.1897 	EXP 	page: autoDraw = True
52.2218 	EXP 	page: autoDraw = True
52.2496 	EXP 	page: autoDraw = True
52.2746 	EXP 	page: autoDraw = True
52.3130 	EXP 	page: autoDraw = True
52.3413 	EXP 	page: autoDraw = True
52.3706 	EXP 	page: autoDraw = True
52.4141 	EXP 	page: autoDraw = True
52.4378 	EXP 	page: autoDraw = True
52.4695 	EXP 	page: autoDraw = True
52.4967 	EXP 	page: autoDraw = True
52.5214 	EXP 	page: autoDraw = True
52.5387 	DATA 	Mouse: Left button down, pos=(513,679)
52.5486 	EXP 	page: autoDraw = True
52.5744 	EXP 	page: autoDraw = True
52.6020 	EXP 	page: autoDraw = True
52.6227 	EXP 	page: autoDraw = True
52.6693 	EXP 	page: autoDraw = True
52.6713 	DATA 	Mouse:  Left button up, pos=(513,679)
52.6988 	EXP 	page: autoDraw = True
52.7197 	EXP 	page: autoDraw = True
52.7442 	EXP 	page: autoDraw = True
52.7684 	EXP 	page: autoDraw = True
52.7927 	EXP 	page: autoDraw = True
52.8168 	EXP 	page: autoDraw = True
52.8375 	EXP 	page: autoDraw = True
52.8761 	EXP 	page: autoDraw = True
52.9057 	EXP 	page: autoDraw = True
52.9346 	EXP 	page: autoDraw = True
52.9554 	EXP 	page: autoDraw = True
52.9934 	EXP 	page: autoDraw = True
53.0314 	EXP 	page: autoDraw = True
53.0671 	EXP 	page: autoDraw = True
53.1009 	EXP 	page: autoDraw = True
53.1340 	EXP 	page: autoDraw = True
53.1623 	EXP 	page: autoDraw = True
53.1862 	EXP 	page: autoDraw = True
53.2241 	EXP 	page: autoDraw = True
53.2526 	EXP 	page: autoDraw = True
53.2805 	EXP 	page: autoDraw = True
53.3101 	EXP 	page: autoDraw = True
53.3367 	EXP 	page: autoDraw = True
53.3635 	EXP 	page: autoDraw = True
53.3883 	EXP 	page: autoDraw = True
53.4171 	EXP 	page: autoDraw = True
53.4476 	EXP 	page: autoDraw = True
53.4710 	EXP 	page: autoDraw = True
53.5095 	EXP 	page: autoDraw = True
53.5358 	EXP 	page: autoDraw = True
53.5572 	EXP 	page: autoDraw = True
53.5999 	EXP 	page: autoDraw = True
53.6314 	EXP 	page: autoDraw = True
53.6637 	EXP 	page: autoDraw = True
53.6955 	EXP 	page: autoDraw = True
53.7242 	EXP 	page: autoDraw = True
53.7537 	EXP 	page: autoDraw = True
53.7847 	EXP 	page: autoDraw = True
53.8085 	EXP 	page: autoDraw = True
53.8416 	EXP 	page: autoDraw = True
53.8663 	EXP 	page: autoDraw = True
53.8871 	EXP 	page: autoDraw = True
53.9258 	EXP 	page: autoDraw = True
53.9295 	DATA 	Mouse: Left button down, pos=(701,774)
53.9545 	EXP 	page: autoDraw = True
53.9545 	EXP 	ref: autoDraw = False
53.9545 	EXP 	stim1: autoDraw = False
53.9545 	EXP 	stim2: autoDraw = False
53.9545 	EXP 	stim3: autoDraw = False
53.9545 	EXP 	stim4: autoDraw = False
53.9545 	EXP 	stim5: autoDraw = False
53.9545 	EXP 	stim6: autoDraw = False
53.9545 	EXP 	stim7: autoDraw = False
53.9545 	EXP 	stim8: autoDraw = False
54.3054 	EXP 	New trial (rep=0, index=1): OrderedDict([('ref', 'sparrow'), ('stim1', 'ant'), ('stim2', 'butterfly'), ('stim3', 'owl'), ('stim4', 'frog'), ('stim5', 'bat'), ('stim6', 'snail'), ('stim7', 'rat'), ('stim8', 'bluebird')])
54.3059 	EXP 	window1: mouseVisible = True
54.3282 	DATA 	Mouse:  Left button up, pos=(629,684)
54.3542 	EXP 	stim1: text = 'ant'
54.3542 	EXP 	stim2: text = 'butterfly'
54.3542 	EXP 	stim3: text = 'owl'
54.3542 	EXP 	stim4: text = 'frog'
54.3542 	EXP 	stim5: text = 'bat'
54.3542 	EXP 	stim6: text = 'snail'
54.3542 	EXP 	stim7: text = 'rat'
54.3542 	EXP 	stim8: text = 'bluebird'
54.3542 	EXP 	ref: text = 'sparrow'
54.3542 	EXP 	page: text = '2'
54.3542 	EXP 	page: autoDraw = True
54.3542 	EXP 	ref: autoDraw = True
54.3542 	EXP 	stim1: autoDraw = True
54.3542 	EXP 	stim2: autoDraw = True
54.3542 	EXP 	stim3: autoDraw = True
54.3542 	EXP 	stim4: autoDraw = True
54.3542 	EXP 	stim5: autoDraw = True
54.3542 	EXP 	stim6: autoDraw = True
54.3542 	EXP 	stim7: autoDraw = True
54.3542 	EXP 	stim8: autoDraw = True
54.3809 	EXP 	page: autoDraw = True
54.4094 	EXP 	page: autoDraw = True
54.4352 	EXP 	page: autoDraw = True
54.4641 	EXP 	page: autoDraw = True
54.4974 	EXP 	page: autoDraw = True
54.5234 	EXP 	page: autoDraw = True
54.5521 	EXP 	page: autoDraw = True
54.5822 	EXP 	page: autoDraw = True
54.6098 	EXP 	page: autoDraw = True
54.6421 	EXP 	page: autoDraw = True
54.6733 	EXP 	page: autoDraw = True
54.7041 	EXP 	page: autoDraw = True
54.7354 	EXP 	page: autoDraw = True
54.7685 	EXP 	page: autoDraw = True
54.7981 	EXP 	page: autoDraw = True
54.8235 	EXP 	page: autoDraw = True
54.8519 	EXP 	page: autoDraw = True
54.8894 	EXP 	page: autoDraw = True
54.9183 	EXP 	page: autoDraw = True
54.9418 	EXP 	page: autoDraw = True
54.9706 	EXP 	page: autoDraw = True
55.0010 	EXP 	page: autoDraw = True
55.0331 	EXP 	page: autoDraw = True
55.0726 	EXP 	page: autoDraw = True
55.1023 	EXP 	page: autoDraw = True
55.1350 	EXP 	page: autoDraw = True
55.1676 	EXP 	page: autoDraw = True
55.2011 	EXP 	page: autoDraw = True
55.2308 	EXP 	page: autoDraw = True
55.2605 	EXP 	page: autoDraw = True
55.2842 	EXP 	page: autoDraw = True
55.3151 	EXP 	page: autoDraw = True
55.3478 	EXP 	page: autoDraw = True
55.3780 	EXP 	page: autoDraw = True
55.4056 	EXP 	page: autoDraw = True
55.4388 	EXP 	page: autoDraw = True
55.4770 	EXP 	page: autoDraw = True
55.5137 	EXP 	page: autoDraw = True
55.5462 	EXP 	page: autoDraw = True
55.5806 	EXP 	page: autoDraw = True
55.6089 	EXP 	page: autoDraw = True
55.6400 	EXP 	page: autoDraw = True
55.6694 	EXP 	page: autoDraw = True
55.7009 	EXP 	page: autoDraw = True
55.7330 	EXP 	page: autoDraw = True
55.7596 	EXP 	page: autoDraw = True
55.7964 	EXP 	page: autoDraw = True
55.8235 	EXP 	page: autoDraw = True
55.8548 	EXP 	page: autoDraw = True
55.8891 	EXP 	page: autoDraw = True
55.9151 	EXP 	page: autoDraw = True
55.9394 	EXP 	page: autoDraw = True
55.9683 	EXP 	page: autoDraw = True
56.0003 	EXP 	page: autoDraw = True
56.0259 	EXP 	page: autoDraw = True
56.0551 	EXP 	page: autoDraw = True
56.0838 	EXP 	page: autoDraw = True
56.1098 	EXP 	page: autoDraw = True
56.1364 	EXP 	page: autoDraw = True
56.1616 	EXP 	page: autoDraw = True
56.1933 	EXP 	page: autoDraw = True
56.2212 	EXP 	page: autoDraw = True
56.2502 	EXP 	page: autoDraw = True
56.2847 	EXP 	page: autoDraw = True
56.3095 	EXP 	page: autoDraw = True
56.3372 	EXP 	page: autoDraw = True
56.3708 	EXP 	page: autoDraw = True
56.3962 	EXP 	page: autoDraw = True
56.4243 	EXP 	page: autoDraw = True
56.4493 	EXP 	page: autoDraw = True
56.4826 	EXP 	page: autoDraw = True
56.5048 	EXP 	page: autoDraw = True
56.5338 	EXP 	page: autoDraw = True
56.5677 	EXP 	page: autoDraw = True
56.5963 	EXP 	page: autoDraw = True
56.6263 	EXP 	page: autoDraw = True
56.6536 	EXP 	page: autoDraw = True
56.6906 	EXP 	page: autoDraw = True
56.7300 	EXP 	page: autoDraw = True
56.7661 	EXP 	page: autoDraw = True
56.7994 	EXP 	page: autoDraw = True
56.8310 	EXP 	page: autoDraw = True
56.8679 	EXP 	page: autoDraw = True
56.9020 	EXP 	page: autoDraw = True
56.9354 	EXP 	page: autoDraw = True
56.9713 	EXP 	page: autoDraw = True
57.0025 	EXP 	page: autoDraw = True
57.0335 	EXP 	page: autoDraw = True
57.0637 	EXP 	page: autoDraw = True
57.0965 	EXP 	page: autoDraw = True
57.1265 	EXP 	page: autoDraw = True
57.1598 	EXP 	page: autoDraw = True
57.1928 	EXP 	page: autoDraw = True
57.2262 	EXP 	page: autoDraw = True
57.2554 	EXP 	page: autoDraw = True
57.2945 	EXP 	page: autoDraw = True
57.3308 	EXP 	page: autoDraw = True
57.3712 	EXP 	page: autoDraw = True
57.3982 	EXP 	page: autoDraw = True
57.4012 	DATA 	Mouse: Left button down, pos=(965,207)
57.4326 	EXP 	page: autoDraw = True
57.4556 	EXP 	page: autoDraw = True
57.4730 	DATA 	Mouse:  Left button up, pos=(965,207)
57.4862 	EXP 	page: autoDraw = True
57.5229 	EXP 	page: autoDraw = True
57.5512 	EXP 	page: autoDraw = True
57.5780 	EXP 	page: autoDraw = True
57.6060 	EXP 	page: autoDraw = True
57.6335 	EXP 	page: autoDraw = True
57.6555 	EXP 	page: autoDraw = True
57.6855 	EXP 	page: autoDraw = True
57.7190 	EXP 	page: autoDraw = True
57.7481 	EXP 	page: autoDraw = True
57.7883 	EXP 	page: autoDraw = True
57.8162 	EXP 	page: autoDraw = True
57.8509 	EXP 	page: autoDraw = True
57.8916 	EXP 	page: autoDraw = True
57.9207 	EXP 	page: autoDraw = True
57.9579 	EXP 	page: autoDraw = True
57.9857 	EXP 	page: autoDraw = True
58.0138 	EXP 	page: autoDraw = True
58.0538 	EXP 	page: autoDraw = True
58.0798 	EXP 	page: autoDraw = True
58.1111 	EXP 	page: autoDraw = True
58.1378 	EXP 	page: autoDraw = True
58.1704 	EXP 	page: autoDraw = True
58.2002 	EXP 	page: autoDraw = True
58.2347 	EXP 	page: autoDraw = True
58.2640 	EXP 	page: autoDraw = True
58.2966 	EXP 	page: autoDraw = True
58.3330 	EXP 	page: autoDraw = True
58.3554 	EXP 	page: autoDraw = True
58.3862 	EXP 	page: autoDraw = True
58.4168 	EXP 	page: autoDraw = True
58.4420 	EXP 	page: autoDraw = True
58.4698 	EXP 	page: autoDraw = True
58.5070 	EXP 	page: autoDraw = True
58.5339 	EXP 	page: autoDraw = True
58.5603 	EXP 	page: autoDraw = True
58.5927 	EXP 	page: autoDraw = True
58.6259 	EXP 	page: autoDraw = True
58.6598 	EXP 	page: autoDraw = True
58.6886 	EXP 	page: autoDraw = True
58.7220 	EXP 	page: autoDraw = True
58.7553 	EXP 	page: autoDraw = True
58.7930 	EXP 	page: autoDraw = True
58.8211 	EXP 	page: autoDraw = True
58.8541 	EXP 	page: autoDraw = True
58.8855 	EXP 	page: autoDraw = True
58.9159 	EXP 	page: autoDraw = True
58.9196 	DATA 	Mouse: Left button down, pos=(722,774)
58.9434 	EXP 	page: autoDraw = True
58.9820 	EXP 	page: autoDraw = True
59.0128 	EXP 	page: autoDraw = True
59.0359 	DATA 	Mouse:  Left button up, pos=(722,774)
59.0477 	EXP 	page: autoDraw = True
59.0760 	EXP 	page: autoDraw = True
59.1011 	EXP 	page: autoDraw = True
59.1285 	EXP 	page: autoDraw = True
59.1538 	EXP 	page: autoDraw = True
59.1829 	EXP 	page: autoDraw = True
59.2053 	EXP 	page: autoDraw = True
59.2483 	EXP 	page: autoDraw = True
59.2767 	EXP 	page: autoDraw = True
59.3009 	EXP 	page: autoDraw = True
59.3310 	EXP 	page: autoDraw = True
59.3585 	EXP 	page: autoDraw = True
59.3879 	EXP 	page: autoDraw = True
59.4319 	EXP 	page: autoDraw = True
59.4542 	EXP 	page: autoDraw = True
59.4806 	EXP 	page: autoDraw = True
59.5166 	EXP 	page: autoDraw = True
59.5506 	EXP 	page: autoDraw = True
59.5910 	EXP 	page: autoDraw = True
59.6205 	EXP 	page: autoDraw = True
59.6574 	EXP 	page: autoDraw = True
59.6855 	EXP 	page: autoDraw = True
59.7321 	EXP 	page: autoDraw = True
59.7568 	EXP 	page: autoDraw = True
59.7858 	EXP 	page: autoDraw = True
59.8103 	EXP 	page: autoDraw = True
59.8371 	EXP 	page: autoDraw = True
59.8829 	EXP 	page: autoDraw = True
59.9114 	EXP 	page: autoDraw = True
59.9338 	EXP 	page: autoDraw = True
59.9641 	EXP 	page: autoDraw = True
59.9917 	EXP 	page: autoDraw = True
60.0239 	EXP 	page: autoDraw = True
60.0554 	EXP 	page: autoDraw = True
60.0902 	EXP 	page: autoDraw = True
60.1209 	EXP 	page: autoDraw = True
60.1515 	EXP 	page: autoDraw = True
60.1794 	EXP 	page: autoDraw = True
60.2152 	EXP 	page: autoDraw = True
60.2461 	EXP 	page: autoDraw = True
60.2728 	EXP 	page: autoDraw = True
60.3068 	EXP 	page: autoDraw = True
60.3367 	EXP 	page: autoDraw = True
60.3649 	EXP 	page: autoDraw = True
60.3979 	EXP 	page: autoDraw = True
60.4313 	EXP 	page: autoDraw = True
60.4516 	EXP 	page: autoDraw = True
60.4839 	EXP 	page: autoDraw = True
60.5113 	EXP 	page: autoDraw = True
60.5336 	EXP 	page: autoDraw = True
60.5611 	EXP 	page: autoDraw = True
60.5869 	EXP 	page: autoDraw = True
60.6198 	EXP 	page: autoDraw = True
60.6464 	EXP 	page: autoDraw = True
60.6748 	EXP 	page: autoDraw = True
60.7090 	EXP 	page: autoDraw = True
60.7368 	EXP 	page: autoDraw = True
60.7700 	EXP 	page: autoDraw = True
60.8030 	EXP 	page: autoDraw = True
60.8360 	EXP 	page: autoDraw = True
60.8692 	EXP 	page: autoDraw = True
60.9082 	EXP 	page: autoDraw = True
60.9403 	EXP 	page: autoDraw = True
60.9739 	EXP 	page: autoDraw = True
61.0072 	EXP 	page: autoDraw = True
61.0402 	EXP 	page: autoDraw = True
61.0734 	EXP 	page: autoDraw = True
61.1064 	EXP 	page: autoDraw = True
61.1399 	EXP 	page: autoDraw = True
61.1732 	EXP 	page: autoDraw = True
61.2062 	EXP 	page: autoDraw = True
61.2371 	EXP 	page: autoDraw = True
61.2806 	EXP 	page: autoDraw = True
61.3126 	EXP 	page: autoDraw = True
61.3440 	EXP 	page: autoDraw = True
61.3678 	EXP 	page: autoDraw = True
61.3976 	EXP 	page: autoDraw = True
61.4245 	EXP 	page: autoDraw = True
61.4530 	EXP 	page: autoDraw = True
61.4854 	EXP 	page: autoDraw = True
61.5197 	EXP 	page: autoDraw = True
61.5529 	EXP 	page: autoDraw = True
61.5982 	EXP 	page: autoDraw = True
61.6301 	EXP 	page: autoDraw = True
61.6556 	EXP 	page: autoDraw = True
61.6836 	EXP 	page: autoDraw = True
61.7067 	EXP 	page: autoDraw = True
61.7319 	EXP 	page: autoDraw = True
61.7615 	EXP 	page: autoDraw = True
61.7937 	EXP 	page: autoDraw = True
61.8204 	EXP 	page: autoDraw = True
61.8529 	EXP 	page: autoDraw = True
61.8838 	EXP 	page: autoDraw = True
61.9166 	EXP 	page: autoDraw = True
61.9506 	EXP 	page: autoDraw = True
61.9853 	EXP 	page: autoDraw = True
62.0144 	EXP 	page: autoDraw = True
62.0467 	EXP 	page: autoDraw = True
62.0729 	EXP 	page: autoDraw = True
62.1032 	EXP 	page: autoDraw = True
62.1272 	EXP 	page: autoDraw = True
62.1496 	EXP 	page: autoDraw = True
62.1824 	EXP 	page: autoDraw = True
62.2044 	EXP 	page: autoDraw = True
62.2366 	EXP 	page: autoDraw = True
62.2652 	EXP 	page: autoDraw = True
62.2913 	EXP 	page: autoDraw = True
62.3169 	EXP 	page: autoDraw = True
62.3491 	EXP 	page: autoDraw = True
62.3715 	EXP 	page: autoDraw = True
62.4045 	EXP 	page: autoDraw = True
62.4087 	DATA 	Mouse: Left button down, pos=(392,453)
62.4328 	EXP 	page: autoDraw = True
62.4579 	EXP 	page: autoDraw = True
62.4908 	EXP 	page: autoDraw = True
62.4929 	DATA 	Mouse:  Left button up, pos=(392,453)
62.5194 	EXP 	page: autoDraw = True
62.5490 	EXP 	page: autoDraw = True
62.5752 	EXP 	page: autoDraw = True
62.6054 	EXP 	page: autoDraw = True
62.6398 	EXP 	page: autoDraw = True
62.6657 	EXP 	page: autoDraw = True
62.6875 	EXP 	page: autoDraw = True
62.7323 	EXP 	page: autoDraw = True
62.7585 	EXP 	page: autoDraw = True
62.7859 	EXP 	page: autoDraw = True
62.8170 	EXP 	page: autoDraw = True
62.8522 	EXP 	page: autoDraw = True
62.8979 	EXP 	page: autoDraw = True
62.9294 	EXP 	page: autoDraw = True
62.9585 	EXP 	page: autoDraw = True
62.9885 	EXP 	page: autoDraw = True
63.0216 	EXP 	page: autoDraw = True
63.0546 	EXP 	page: autoDraw = True
63.1025 	EXP 	page: autoDraw = True
63.1366 	EXP 	page: autoDraw = True
63.1712 	EXP 	page: autoDraw = True
63.2040 	EXP 	page: autoDraw = True
63.2443 	EXP 	page: autoDraw = True
63.2796 	EXP 	page: autoDraw = True
63.3157 	EXP 	page: autoDraw = True
63.3375 	EXP 	page: autoDraw = True
63.3701 	EXP 	page: autoDraw = True
63.3972 	EXP 	page: autoDraw = True
63.4275 	EXP 	page: autoDraw = True
63.4545 	EXP 	page: autoDraw = True
63.4995 	EXP 	page: autoDraw = True
63.5247 	EXP 	page: autoDraw = True
63.5532 	EXP 	page: autoDraw = True
63.5969 	EXP 	page: autoDraw = True
63.6304 	EXP 	page: autoDraw = True
63.6663 	EXP 	page: autoDraw = True
63.6968 	EXP 	page: autoDraw = True
63.7374 	EXP 	page: autoDraw = True
63.7660 	EXP 	page: autoDraw = True
63.7927 	EXP 	page: autoDraw = True
63.8254 	EXP 	page: autoDraw = True
63.8538 	EXP 	page: autoDraw = True
63.8848 	EXP 	page: autoDraw = True
63.8893 	DATA 	Mouse: Left button down, pos=(734,103)
63.9148 	EXP 	page: autoDraw = True
63.9408 	EXP 	page: autoDraw = True
63.9664 	EXP 	page: autoDraw = True
63.9693 	DATA 	Mouse:  Left button up, pos=(734,103)
63.9903 	EXP 	page: autoDraw = True
64.0203 	EXP 	page: autoDraw = True
64.0468 	EXP 	page: autoDraw = True
64.0710 	EXP 	page: autoDraw = True
64.0987 	EXP 	page: autoDraw = True
64.1241 	EXP 	page: autoDraw = True
64.1533 	EXP 	page: autoDraw = True
64.1793 	EXP 	page: autoDraw = True
64.2041 	EXP 	page: autoDraw = True
64.2332 	EXP 	page: autoDraw = True
64.2551 	EXP 	page: autoDraw = True
64.2879 	EXP 	page: autoDraw = True
64.3180 	EXP 	page: autoDraw = True
64.3462 	EXP 	page: autoDraw = True
64.3730 	EXP 	page: autoDraw = True
64.4086 	EXP 	page: autoDraw = True
64.4366 	EXP 	page: autoDraw = True
64.4697 	EXP 	page: autoDraw = True
64.5138 	EXP 	page: autoDraw = True
64.5444 	EXP 	page: autoDraw = True
64.5755 	EXP 	page: autoDraw = True
64.6031 	EXP 	page: autoDraw = True
64.6280 	EXP 	page: autoDraw = True
64.6548 	EXP 	page: autoDraw = True
64.6858 	EXP 	page: autoDraw = True
64.7110 	EXP 	page: autoDraw = True
64.7374 	EXP 	page: autoDraw = True
64.7611 	EXP 	page: autoDraw = True
64.7829 	EXP 	page: autoDraw = True
64.8213 	EXP 	page: autoDraw = True
64.8486 	EXP 	page: autoDraw = True
64.8790 	EXP 	page: autoDraw = True
64.9223 	EXP 	page: autoDraw = True
64.9522 	EXP 	page: autoDraw = True
64.9852 	EXP 	page: autoDraw = True
65.0189 	EXP 	page: autoDraw = True
65.0519 	EXP 	page: autoDraw = True
65.0791 	EXP 	page: autoDraw = True
65.1042 	EXP 	page: autoDraw = True
65.1367 	EXP 	page: autoDraw = True
65.1709 	EXP 	page: autoDraw = True
65.2047 	EXP 	page: autoDraw = True
65.2425 	EXP 	page: autoDraw = True
65.2724 	EXP 	page: autoDraw = True
65.3056 	EXP 	page: autoDraw = True
65.3389 	EXP 	page: autoDraw = True
65.3718 	EXP 	page: autoDraw = True
65.4002 	EXP 	page: autoDraw = True
65.4329 	EXP 	page: autoDraw = True
65.4551 	EXP 	page: autoDraw = True
65.4878 	EXP 	page: autoDraw = True
65.5184 	EXP 	page: autoDraw = True
65.5438 	EXP 	page: autoDraw = True
65.5711 	EXP 	page: autoDraw = True
65.5951 	DATA 	Mouse: Left button down, pos=(477,675)
65.6042 	EXP 	page: autoDraw = True
65.6514 	EXP 	page: autoDraw = True
65.6811 	EXP 	page: autoDraw = True
65.6842 	DATA 	Mouse:  Left button up, pos=(477,675)
65.7112 	EXP 	page: autoDraw = True
65.7343 	EXP 	page: autoDraw = True
65.7724 	EXP 	page: autoDraw = True
65.8054 	EXP 	page: autoDraw = True
65.8274 	EXP 	page: autoDraw = True
65.8523 	EXP 	page: autoDraw = True
65.8853 	EXP 	page: autoDraw = True
65.9095 	EXP 	page: autoDraw = True
65.9358 	EXP 	page: autoDraw = True
65.9598 	EXP 	page: autoDraw = True
65.9881 	EXP 	page: autoDraw = True
66.0224 	EXP 	page: autoDraw = True
66.0563 	EXP 	page: autoDraw = True
66.0913 	EXP 	page: autoDraw = True
66.1284 	EXP 	page: autoDraw = True
66.1578 	EXP 	page: autoDraw = True
66.1873 	EXP 	page: autoDraw = True
66.2309 	EXP 	page: autoDraw = True
66.2708 	EXP 	page: autoDraw = True
66.2982 	EXP 	page: autoDraw = True
66.3229 	EXP 	page: autoDraw = True
66.3532 	EXP 	page: autoDraw = True
66.3755 	EXP 	page: autoDraw = True
66.3994 	EXP 	page: autoDraw = True
66.4239 	EXP 	page: autoDraw = True
66.4511 	EXP 	page: autoDraw = True
66.4841 	EXP 	page: autoDraw = True
66.5147 	EXP 	page: autoDraw = True
66.5561 	EXP 	page: autoDraw = True
66.5842 	EXP 	page: autoDraw = True
66.6109 	EXP 	page: autoDraw = True
66.6360 	EXP 	page: autoDraw = True
66.6693 	EXP 	page: autoDraw = True
66.7023 	EXP 	page: autoDraw = True
66.7292 	EXP 	page: autoDraw = True
66.7538 	EXP 	page: autoDraw = True
66.7847 	EXP 	page: autoDraw = True
66.8186 	EXP 	page: autoDraw = True
66.8461 	EXP 	page: autoDraw = True
66.8718 	EXP 	page: autoDraw = True
66.9025 	EXP 	page: autoDraw = True
66.9412 	EXP 	page: autoDraw = True
66.9703 	EXP 	page: autoDraw = True
67.0031 	EXP 	page: autoDraw = True
67.0296 	EXP 	page: autoDraw = True
67.0573 	EXP 	page: autoDraw = True
67.0875 	EXP 	page: autoDraw = True
67.1211 	EXP 	page: autoDraw = True
67.1545 	EXP 	page: autoDraw = True
67.1878 	EXP 	page: autoDraw = True
67.2316 	EXP 	page: autoDraw = True
67.2582 	EXP 	page: autoDraw = True
67.2801 	EXP 	page: autoDraw = True
67.3045 	EXP 	page: autoDraw = True
67.3348 	EXP 	page: autoDraw = True
67.3589 	EXP 	page: autoDraw = True
67.3863 	EXP 	page: autoDraw = True
67.4099 	EXP 	page: autoDraw = True
67.4322 	EXP 	page: autoDraw = True
67.4554 	EXP 	page: autoDraw = True
67.4856 	EXP 	page: autoDraw = True
67.5178 	EXP 	page: autoDraw = True
67.5475 	EXP 	page: autoDraw = True
67.5757 	EXP 	page: autoDraw = True
67.6068 	EXP 	page: autoDraw = True
67.6367 	EXP 	page: autoDraw = True
67.6534 	DATA 	Mouse: Left button down, pos=(989,677)
67.6740 	EXP 	page: autoDraw = True
67.7008 	EXP 	page: autoDraw = True
67.7222 	EXP 	page: autoDraw = True
67.7551 	EXP 	page: autoDraw = True
67.7839 	EXP 	page: autoDraw = True
67.7866 	DATA 	Mouse:  Left button up, pos=(989,677)
67.8052 	EXP 	page: autoDraw = True
67.8448 	EXP 	page: autoDraw = True
67.8764 	EXP 	page: autoDraw = True
67.9031 	EXP 	page: autoDraw = True
67.9365 	EXP 	page: autoDraw = True
67.9599 	EXP 	page: autoDraw = True
67.9918 	EXP 	page: autoDraw = True
68.0318 	EXP 	page: autoDraw = True
68.0585 	EXP 	page: autoDraw = True
68.0853 	EXP 	page: autoDraw = True
68.1154 	EXP 	page: autoDraw = True
68.1409 	EXP 	page: autoDraw = True
68.1713 	EXP 	page: autoDraw = True
68.2029 	EXP 	page: autoDraw = True
68.2320 	EXP 	page: autoDraw = True
68.2705 	EXP 	page: autoDraw = True
68.2996 	EXP 	page: autoDraw = True
68.3303 	EXP 	page: autoDraw = True
68.3716 	EXP 	page: autoDraw = True
68.3997 	EXP 	page: autoDraw = True
68.4273 	EXP 	page: autoDraw = True
68.4570 	EXP 	page: autoDraw = True
68.4865 	EXP 	page: autoDraw = True
68.5175 	EXP 	page: autoDraw = True
68.5454 	EXP 	page: autoDraw = True
68.5703 	EXP 	page: autoDraw = True
68.6034 	EXP 	page: autoDraw = True
68.6328 	EXP 	page: autoDraw = True
68.6709 	EXP 	page: autoDraw = True
68.7006 	EXP 	page: autoDraw = True
68.7269 	EXP 	page: autoDraw = True
68.7570 	EXP 	page: autoDraw = True
68.7903 	EXP 	page: autoDraw = True
68.8182 	EXP 	page: autoDraw = True
68.8212 	DATA 	Mouse: Left button down, pos=(488,194)
68.8512 	EXP 	page: autoDraw = True
68.8734 	EXP 	page: autoDraw = True
68.9009 	EXP 	page: autoDraw = True
68.9040 	DATA 	Mouse:  Left button up, pos=(488,194)
68.9337 	EXP 	page: autoDraw = True
68.9543 	EXP 	page: autoDraw = True
68.9932 	EXP 	page: autoDraw = True
69.0139 	EXP 	page: autoDraw = True
69.0369 	EXP 	page: autoDraw = True
69.0582 	EXP 	page: autoDraw = True
69.0880 	EXP 	page: autoDraw = True
69.1315 	EXP 	page: autoDraw = True
69.1527 	EXP 	page: autoDraw = True
69.1863 	EXP 	page: autoDraw = True
69.2125 	EXP 	page: autoDraw = True
69.2401 	EXP 	page: autoDraw = True
69.2694 	EXP 	page: autoDraw = True
69.2999 	EXP 	page: autoDraw = True
69.3290 	EXP 	page: autoDraw = True
69.3538 	EXP 	page: autoDraw = True
69.3866 	EXP 	page: autoDraw = True
69.4124 	EXP 	page: autoDraw = True
69.4373 	EXP 	page: autoDraw = True
69.4640 	EXP 	page: autoDraw = True
69.4884 	EXP 	page: autoDraw = True
69.5205 	EXP 	page: autoDraw = True
69.5555 	EXP 	page: autoDraw = True
69.5828 	EXP 	page: autoDraw = True
69.6114 	EXP 	page: autoDraw = True
69.6413 	EXP 	page: autoDraw = True
69.6706 	EXP 	page: autoDraw = True
69.7017 	EXP 	page: autoDraw = True
69.7314 	EXP 	page: autoDraw = True
69.7524 	EXP 	page: autoDraw = True
69.7846 	EXP 	page: autoDraw = True
69.8127 	EXP 	page: autoDraw = True
69.8364 	EXP 	page: autoDraw = True
69.8690 	EXP 	page: autoDraw = True
69.8940 	EXP 	page: autoDraw = True
69.9083 	DATA 	Mouse: Left button down, pos=(1051,434)
69.9227 	EXP 	page: autoDraw = True
69.9426 	EXP 	page: autoDraw = True
69.9426 	EXP 	ref: autoDraw = False
69.9426 	EXP 	stim1: autoDraw = False
69.9426 	EXP 	stim2: autoDraw = False
69.9426 	EXP 	stim3: autoDraw = False
69.9426 	EXP 	stim4: autoDraw = False
69.9426 	EXP 	stim5: autoDraw = False
69.9426 	EXP 	stim6: autoDraw = False
69.9426 	EXP 	stim7: autoDraw = False
69.9426 	EXP 	stim8: autoDraw = False
70.2946 	EXP 	New trial (rep=0, index=2): OrderedDict([('ref', 'giraffe'), ('stim1', 'sheep'), ('stim2', 'butterfly'), ('stim3', 'mouse'), ('stim4', 'ladybug'), ('stim5', 'eagle'), ('stim6', 'monkey'), ('stim7', 'bear'), ('stim8', 'dog')])
70.2948 	EXP 	window1: mouseVisible = True
70.3172 	DATA 	Mouse:  Left button up, pos=(979,344)
70.3392 	EXP 	stim1: text = 'sheep'
70.3392 	EXP 	stim2: text = 'butterfly'
70.3392 	EXP 	stim3: text = 'mouse'
70.3392 	EXP 	stim4: text = 'ladybug'
70.3392 	EXP 	stim5: text = 'eagle'
70.3392 	EXP 	stim6: text = 'monkey'
70.3392 	EXP 	stim7: text = 'bear'
70.3392 	EXP 	stim8: text = 'dog'
70.3392 	EXP 	ref: text = 'giraffe'
70.3392 	EXP 	page: text = '3'
70.3392 	EXP 	page: autoDraw = True
70.3392 	EXP 	ref: autoDraw = True
70.3392 	EXP 	stim1: autoDraw = True
70.3392 	EXP 	stim2: autoDraw = True
70.3392 	EXP 	stim3: autoDraw = True
70.3392 	EXP 	stim4: autoDraw = True
70.3392 	EXP 	stim5: autoDraw = True
70.3392 	EXP 	stim6: autoDraw = True
70.3392 	EXP 	stim7: autoDraw = True
70.3392 	EXP 	stim8: autoDraw = True
70.3696 	EXP 	page: autoDraw = True
70.4004 	EXP 	page: autoDraw = True
70.4336 	EXP 	page: autoDraw = True
70.4613 	EXP 	page: autoDraw = True
70.4886 	EXP 	page: autoDraw = True
70.5209 	EXP 	page: autoDraw = True
70.5503 	EXP 	page: autoDraw = True
70.5779 	EXP 	page: autoDraw = True
70.6094 	EXP 	page: autoDraw = True
70.6357 	EXP 	page: autoDraw = True
70.6656 	EXP 	page: autoDraw = True
70.6988 	EXP 	page: autoDraw = True
70.7308 	EXP 	page: autoDraw = True
70.7552 	EXP 	page: autoDraw = True
70.7992 	EXP 	page: autoDraw = True
70.8299 	EXP 	page: autoDraw = True
70.8626 	EXP 	page: autoDraw = True
70.9067 	EXP 	page: autoDraw = True
70.9405 	EXP 	page: autoDraw = True
70.9684 	EXP 	page: autoDraw = True
70.9996 	EXP 	page: autoDraw = True
71.0320 	EXP 	page: autoDraw = True
71.0644 	EXP 	page: autoDraw = True
71.1009 	EXP 	page: autoDraw = True
71.1387 	EXP 	page: autoDraw = True
71.1697 	EXP 	page: autoDraw = True
71.2025 	EXP 	page: autoDraw = True
71.2347 	EXP 	page: autoDraw = True
71.2637 	EXP 	page: autoDraw = True
71.2897 	EXP 	page: autoDraw = True
71.3190 	EXP 	page: autoDraw = True
71.3507 	EXP 	page: autoDraw = True
71.3760 	EXP 	page: autoDraw = True
71.4028 	EXP 	page: autoDraw = True
71.4295 	EXP 	page: autoDraw = True
71.4596 	EXP 	page: autoDraw = True
71.4921 	EXP 	page: autoDraw = True
71.5196 	EXP 	page: autoDraw = True
71.5504 	EXP 	page: autoDraw = True
71.5843 	EXP 	page: autoDraw = True
71.6172 	EXP 	page: autoDraw = True
71.6523 	EXP 	page: autoDraw = True
71.6909 	EXP 	page: autoDraw = True
71.7193 	EXP 	page: autoDraw = True
71.7516 	EXP 	page: autoDraw = True
71.7840 	EXP 	page: autoDraw = True
71.8237 	EXP 	page: autoDraw = True
71.8501 	EXP 	page: autoDraw = True
71.8784 	EXP 	page: autoDraw = True
71.9058 	EXP 	page: autoDraw = True
71.9363 	EXP 	page: autoDraw = True
71.9628 	EXP 	page: autoDraw = True
71.9976 	EXP 	page: autoDraw = True
72.0264 	EXP 	page: autoDraw = True
72.0549 	EXP 	page: autoDraw = True
72.0975 	EXP 	page: autoDraw = True
72.1235 	EXP 	page: autoDraw = True
72.1534 	EXP 	page: autoDraw = True
72.1842 	EXP 	page: autoDraw = True
72.2139 	EXP 	page: autoDraw = True
72.2427 	EXP 	page: autoDraw = True
72.2708 	EXP 	page: autoDraw = True
72.3027 	EXP 	page: autoDraw = True
72.3353 	EXP 	page: autoDraw = True
72.3689 	EXP 	page: autoDraw = True
72.4052 	EXP 	page: autoDraw = True
72.4305 	EXP 	page: autoDraw = True
72.4643 	EXP 	page: autoDraw = True
72.4963 	EXP 	page: autoDraw = True
72.5311 	EXP 	page: autoDraw = True
72.5645 	EXP 	page: autoDraw = True
72.5919 	EXP 	page: autoDraw = True
72.6198 	EXP 	page: autoDraw = True
72.6477 	EXP 	page: autoDraw = True
72.6747 	EXP 	page: autoDraw = True
72.7027 	EXP 	page: autoDraw = True
72.7322 	EXP 	page: autoDraw = True
72.7591 	EXP 	page: autoDraw = True
72.7858 	EXP 	page: autoDraw = True
72.8224 	EXP 	page: autoDraw = True
72.8511 	EXP 	page: autoDraw = True
72.8757 	EXP 	page: autoDraw = True
72.9026 	EXP 	page: autoDraw = True
72.9311 	EXP 	page: autoDraw = True
72.9620 	EXP 	page: autoDraw = True
72.9941 	EXP 	page: autoDraw = True
73.0221 	EXP 	page: autoDraw = True
73.0507 	EXP 	page: autoDraw = True
73.0823 	EXP 	page: autoDraw = True
73.1138 	EXP 	page: autoDraw = True
73.1451 	EXP 	page: autoDraw = True
73.1747 	EXP 	page: autoDraw = True
73.2027 	EXP 	page: autoDraw = True
73.2358 	EXP 	page: autoDraw = True
73.2640 	EXP 	page: autoDraw = True
73.2978 	EXP 	page: autoDraw = True
73.3325 	EXP 	page: autoDraw = True
73.3657 	EXP 	page: autoDraw = True
73.3980 	EXP 	page: autoDraw = True
73.4349 	EXP 	page: autoDraw = True
73.4691 	EXP 	page: autoDraw = True
73.5145 	EXP 	page: autoDraw = True
73.5466 	EXP 	page: autoDraw = True
73.5789 	EXP 	page: autoDraw = True
73.6128 	EXP 	page: autoDraw = True
73.6522 	EXP 	page: autoDraw = True
73.6818 	EXP 	page: autoDraw = True
73.7149 	EXP 	page: autoDraw = True
73.7483 	EXP 	page: autoDraw = True
73.7756 	EXP 	page: autoDraw = True
73.8091 	EXP 	page: autoDraw = True
73.8395 	EXP 	page: autoDraw = True
73.8771 	EXP 	page: autoDraw = True
73.9088 	EXP 	page: autoDraw = True
73.9429 	EXP 	page: autoDraw = True
73.9761 	EXP 	page: autoDraw = True
74.0107 	EXP 	page: autoDraw = True
74.0362 	EXP 	page: autoDraw = True
74.0701 	EXP 	page: autoDraw = True
74.1027 	EXP 	page: autoDraw = True
74.1316 	EXP 	page: autoDraw = True
74.1581 	EXP 	page: autoDraw = True
74.1846 	EXP 	page: autoDraw = True
74.2140 	EXP 	page: autoDraw = True
74.2395 	EXP 	page: autoDraw = True
74.2690 	EXP 	page: autoDraw = True
74.2970 	EXP 	page: autoDraw = True
74.3234 	EXP 	page: autoDraw = True
74.3533 	EXP 	page: autoDraw = True
74.3574 	DATA 	Mouse: Left button down, pos=(525,195)
74.3876 	EXP 	page: autoDraw = True
74.4125 	EXP 	page: autoDraw = True
74.4374 	EXP 	page: autoDraw = True
74.4645 	EXP 	page: autoDraw = True
74.4931 	EXP 	page: autoDraw = True
74.4975 	DATA 	Mouse:  Left button up, pos=(525,195)
74.5277 	EXP 	page: autoDraw = True
74.5552 	EXP 	page: autoDraw = True
74.5804 	EXP 	page: autoDraw = True
74.6121 	EXP 	page: autoDraw = True
74.6414 	EXP 	page: autoDraw = True
74.6705 	EXP 	page: autoDraw = True
74.7021 	EXP 	page: autoDraw = True
74.7320 	EXP 	page: autoDraw = True
74.7632 	EXP 	page: autoDraw = True
74.7948 	EXP 	page: autoDraw = True
74.8191 	EXP 	page: autoDraw = True
74.8491 	EXP 	page: autoDraw = True
74.8825 	EXP 	page: autoDraw = True
74.9239 	EXP 	page: autoDraw = True
74.9658 	EXP 	page: autoDraw = True
74.9965 	EXP 	page: autoDraw = True
75.0265 	EXP 	page: autoDraw = True
75.0591 	EXP 	page: autoDraw = True
75.0892 	EXP 	page: autoDraw = True
75.1326 	EXP 	page: autoDraw = True
75.1607 	EXP 	page: autoDraw = True
75.1846 	EXP 	page: autoDraw = True
75.2161 	EXP 	page: autoDraw = True
75.2444 	EXP 	page: autoDraw = True
75.2754 	EXP 	page: autoDraw = True
75.3057 	EXP 	page: autoDraw = True
75.3386 	EXP 	page: autoDraw = True
75.3805 	EXP 	page: autoDraw = True
75.4072 	EXP 	page: autoDraw = True
75.4402 	EXP 	page: autoDraw = True
75.4700 	EXP 	page: autoDraw = True
75.5010 	EXP 	page: autoDraw = True
75.5264 	EXP 	page: autoDraw = True
75.5521 	EXP 	page: autoDraw = True
75.5869 	EXP 	page: autoDraw = True
75.6172 	EXP 	page: autoDraw = True
75.6489 	EXP 	page: autoDraw = True
75.6779 	EXP 	page: autoDraw = True
75.7090 	EXP 	page: autoDraw = True
75.7365 	EXP 	page: autoDraw = True
75.7698 	EXP 	page: autoDraw = True
75.8022 	EXP 	page: autoDraw = True
75.8309 	EXP 	page: autoDraw = True
75.8593 	EXP 	page: autoDraw = True
75.8858 	EXP 	page: autoDraw = True
75.9184 	EXP 	page: autoDraw = True
75.9475 	EXP 	page: autoDraw = True
75.9930 	EXP 	page: autoDraw = True
76.0191 	EXP 	page: autoDraw = True
76.0562 	EXP 	page: autoDraw = True
76.0822 	EXP 	page: autoDraw = True
76.1076 	EXP 	page: autoDraw = True
76.1384 	EXP 	page: autoDraw = True
76.1694 	EXP 	page: autoDraw = True
76.1727 	DATA 	Mouse: Left button down, pos=(725,99)
76.2038 	EXP 	page: autoDraw = True
76.2329 	EXP 	page: autoDraw = True
76.2609 	EXP 	page: autoDraw = True
76.2850 	DATA 	Mouse:  Left button up, pos=(725,99)
76.2966 	EXP 	page: autoDraw = True
76.3248 	EXP 	page: autoDraw = True
76.3511 	EXP 	page: autoDraw = True
76.3822 	EXP 	page: autoDraw = True
76.4081 	EXP 	page: autoDraw = True
76.4362 	EXP 	page: autoDraw = True
76.4618 	EXP 	page: autoDraw = True
76.4938 	EXP 	page: autoDraw = True
76.5207 	EXP 	page: autoDraw = True
76.5522 	EXP 	page: autoDraw = True
76.5861 	EXP 	page: autoDraw = True
76.6181 	EXP 	page: autoDraw = True
76.6579 	EXP 	page: autoDraw = True
76.6872 	EXP 	page: autoDraw = True
76.7199 	EXP 	page: autoDraw = True
76.7525 	EXP 	page: autoDraw = True
76.7857 	EXP 	page: autoDraw = True
76.8200 	EXP 	page: autoDraw = True
76.8532 	EXP 	page: autoDraw = True
76.8858 	EXP 	page: autoDraw = True
76.9184 	EXP 	page: autoDraw = True
76.9465 	EXP 	page: autoDraw = True
76.9822 	EXP 	page: autoDraw = True
77.0073 	EXP 	page: autoDraw = True
77.0438 	EXP 	page: autoDraw = True
77.0754 	EXP 	page: autoDraw = True
77.1050 	EXP 	page: autoDraw = True
77.1380 	EXP 	page: autoDraw = True
77.1752 	EXP 	page: autoDraw = True
77.2043 	EXP 	page: autoDraw = True
77.2370 	EXP 	page: autoDraw = True
77.2684 	EXP 	page: autoDraw = True
77.3012 	EXP 	page: autoDraw = True
77.3294 	EXP 	page: autoDraw = True
77.3592 	EXP 	page: autoDraw = True
77.3850 	EXP 	page: autoDraw = True
77.4186 	EXP 	page: autoDraw = True
77.4465 	EXP 	page: autoDraw = True
77.4801 	EXP 	page: autoDraw = True
77.5093 	EXP 	page: autoDraw = True
77.5384 	EXP 	page: autoDraw = True
77.5723 	EXP 	page: autoDraw = True
77.6058 	EXP 	page: autoDraw = True
77.6398 	EXP 	page: autoDraw = True
77.6757 	EXP 	page: autoDraw = True
77.7059 	EXP 	page: autoDraw = True
77.7398 	EXP 	page: autoDraw = True
77.7736 	EXP 	page: autoDraw = True
77.8082 	EXP 	page: autoDraw = True
77.8403 	EXP 	page: autoDraw = True
77.8712 	EXP 	page: autoDraw = True
77.9045 	EXP 	page: autoDraw = True
77.9377 	EXP 	page: autoDraw = True
77.9714 	EXP 	page: autoDraw = True
78.0049 	EXP 	page: autoDraw = True
78.0380 	EXP 	page: autoDraw = True
78.0690 	EXP 	page: autoDraw = True
78.0983 	EXP 	page: autoDraw = True
78.1245 	EXP 	page: autoDraw = True
78.1657 	EXP 	page: autoDraw = True
78.1930 	EXP 	page: autoDraw = True
78.2200 	EXP 	page: autoDraw = True
78.2639 	EXP 	page: autoDraw = True
78.2885 	EXP 	page: autoDraw = True
78.3134 	EXP 	page: autoDraw = True
78.3464 	EXP 	page: autoDraw = True
78.3717 	EXP 	page: autoDraw = True
78.4005 	EXP 	page: autoDraw = True
78.4260 	EXP 	page: autoDraw = True
78.4518 	EXP 	page: autoDraw = True
78.4811 	EXP 	page: autoDraw = True
78.5059 	EXP 	page: autoDraw = True
78.5362 	EXP 	page: autoDraw = True
78.5407 	DATA 	Mouse: Left button down, pos=(953,200)
78.5672 	EXP 	page: autoDraw = True
78.6003 	EXP 	page: autoDraw = True
78.6310 	EXP 	page: autoDraw = True
78.6608 	EXP 	page: autoDraw = True
78.6845 	EXP 	page: autoDraw = True
78.6872 	DATA 	Mouse:  Left button up, pos=(953,200)
78.7136 	EXP 	page: autoDraw = True
78.7403 	EXP 	page: autoDraw = True
78.7809 	EXP 	page: autoDraw = True
78.8026 	EXP 	page: autoDraw = True
78.8393 	EXP 	page: autoDraw = True
78.8658 	EXP 	page: autoDraw = True
78.8896 	EXP 	page: autoDraw = True
78.9195 	EXP 	page: autoDraw = True
78.9482 	EXP 	page: autoDraw = True
78.9751 	EXP 	page: autoDraw = True
79.0048 	EXP 	page: autoDraw = True
79.0364 	EXP 	page: autoDraw = True
79.0657 	EXP 	page: autoDraw = True
79.0990 	EXP 	page: autoDraw = True
79.1335 	EXP 	page: autoDraw = True
79.1621 	EXP 	page: autoDraw = True
79.1877 	EXP 	page: autoDraw = True
79.2209 	EXP 	page: autoDraw = True
79.2541 	EXP 	page: autoDraw = True
79.2976 	EXP 	page: autoDraw = True
79.3202 	EXP 	page: autoDraw = True
79.3513 	EXP 	page: autoDraw = True
79.3761 	EXP 	page: autoDraw = True
79.3985 	EXP 	page: autoDraw = True
79.4258 	EXP 	page: autoDraw = True
79.4574 	EXP 	page: autoDraw = True
79.4918 	EXP 	page: autoDraw = True
79.5209 	EXP 	page: autoDraw = True
79.5658 	EXP 	page: autoDraw = True
79.5976 	EXP 	page: autoDraw = True
79.6319 	EXP 	page: autoDraw = True
79.6670 	EXP 	page: autoDraw = True
79.7023 	EXP 	page: autoDraw = True
79.7363 	EXP 	page: autoDraw = True
79.7723 	EXP 	page: autoDraw = True
79.8082 	EXP 	page: autoDraw = True
79.8398 	EXP 	page: autoDraw = True
79.8832 	EXP 	page: autoDraw = True
79.9126 	EXP 	page: autoDraw = True
79.9455 	EXP 	page: autoDraw = True
79.9815 	EXP 	page: autoDraw = True
80.0122 	EXP 	page: autoDraw = True
80.0466 	EXP 	page: autoDraw = True
80.0823 	EXP 	page: autoDraw = True
80.1323 	EXP 	page: autoDraw = True
80.1688 	EXP 	page: autoDraw = True
80.2099 	EXP 	page: autoDraw = True
80.2479 	EXP 	page: autoDraw = True
80.2741 	EXP 	page: autoDraw = True
80.3034 	EXP 	page: autoDraw = True
80.3346 	EXP 	page: autoDraw = True
80.3720 	EXP 	page: autoDraw = True
80.3982 	EXP 	page: autoDraw = True
80.4279 	EXP 	page: autoDraw = True
80.4594 	EXP 	page: autoDraw = True
80.4849 	DATA 	Mouse: Left button down, pos=(1074,437)
80.4987 	EXP 	page: autoDraw = True
80.5385 	EXP 	page: autoDraw = True
80.5784 	EXP 	page: autoDraw = True
80.6027 	DATA 	Mouse:  Left button up, pos=(1074,437)
80.6125 	EXP 	page: autoDraw = True
80.6405 	EXP 	page: autoDraw = True
80.6700 	EXP 	page: autoDraw = True
80.7011 	EXP 	page: autoDraw = True
80.7326 	EXP 	page: autoDraw = True
80.7603 	EXP 	page: autoDraw = True
80.7901 	EXP 	page: autoDraw = True
80.8249 	EXP 	page: autoDraw = True
80.8545 	EXP 	page: autoDraw = True
80.8901 	EXP 	page: autoDraw = True
80.9235 	EXP 	page: autoDraw = True
80.9598 	EXP 	page: autoDraw = True
80.9944 	EXP 	page: autoDraw = True
81.0244 	EXP 	page: autoDraw = True
81.0660 	EXP 	page: autoDraw = True
81.1006 	EXP 	page: autoDraw = True
81.1344 	EXP 	page: autoDraw = True
81.1733 	EXP 	page: autoDraw = True
81.2052 	EXP 	page: autoDraw = True
81.2339 	EXP 	page: autoDraw = True
81.2665 	EXP 	page: autoDraw = True
81.3007 	EXP 	page: autoDraw = True
81.3246 	EXP 	page: autoDraw = True
81.3481 	EXP 	page: autoDraw = True
81.3848 	EXP 	page: autoDraw = True
81.4121 	EXP 	page: autoDraw = True
81.4512 	EXP 	page: autoDraw = True
81.5164 	EXP 	page: autoDraw = True
81.5653 	EXP 	page: autoDraw = True
81.6145 	EXP 	page: autoDraw = True
81.6585 	EXP 	page: autoDraw = True
81.6981 	EXP 	page: autoDraw = True
81.7298 	EXP 	page: autoDraw = True
81.7648 	EXP 	page: autoDraw = True
81.7987 	EXP 	page: autoDraw = True
81.8327 	EXP 	page: autoDraw = True
81.8590 	EXP 	page: autoDraw = True
81.8928 	EXP 	page: autoDraw = True
81.9328 	EXP 	page: autoDraw = True
81.9763 	EXP 	page: autoDraw = True
82.0124 	EXP 	page: autoDraw = True
82.0425 	EXP 	page: autoDraw = True
82.0820 	EXP 	page: autoDraw = True
82.1169 	EXP 	page: autoDraw = True
82.1507 	EXP 	page: autoDraw = True
82.1885 	EXP 	page: autoDraw = True
82.2340 	EXP 	page: autoDraw = True
82.2701 	EXP 	page: autoDraw = True
82.3250 	EXP 	page: autoDraw = True
82.3595 	EXP 	page: autoDraw = True
82.3846 	EXP 	page: autoDraw = True
82.4122 	EXP 	page: autoDraw = True
82.4413 	EXP 	page: autoDraw = True
82.4747 	EXP 	page: autoDraw = True
82.5040 	EXP 	page: autoDraw = True
82.5369 	EXP 	page: autoDraw = True
82.5679 	EXP 	page: autoDraw = True
82.6009 	EXP 	page: autoDraw = True
82.6302 	EXP 	page: autoDraw = True
82.6619 	EXP 	page: autoDraw = True
82.6858 	DATA 	Mouse: Left button down, pos=(723,776)
82.6972 	EXP 	page: autoDraw = True
82.7285 	EXP 	page: autoDraw = True
82.7652 	EXP 	page: autoDraw = True
82.7964 	EXP 	page: autoDraw = True
82.8166 	DATA 	Mouse:  Left button up, pos=(723,776)
82.8259 	EXP 	page: autoDraw = True
82.8719 	EXP 	page: autoDraw = True
82.9160 	EXP 	page: autoDraw = True
83.0241 	EXP 	page: autoDraw = True
83.0662 	EXP 	page: autoDraw = True
83.1054 	EXP 	page: autoDraw = True
83.1310 	EXP 	page: autoDraw = True
83.1624 	EXP 	page: autoDraw = True
83.1968 	EXP 	page: autoDraw = True
83.2389 	EXP 	page: autoDraw = True
83.2834 	EXP 	page: autoDraw = True
83.3411 	EXP 	page: autoDraw = True
83.3970 	EXP 	page: autoDraw = True
83.4584 	EXP 	page: autoDraw = True
83.4920 	EXP 	page: autoDraw = True
83.5229 	EXP 	page: autoDraw = True
83.5632 	EXP 	page: autoDraw = True
83.5905 	EXP 	page: autoDraw = True
83.6373 	EXP 	page: autoDraw = True
83.6657 	EXP 	page: autoDraw = True
83.6994 	EXP 	page: autoDraw = True
83.7347 	EXP 	page: autoDraw = True
83.7695 	EXP 	page: autoDraw = True
83.8066 	DATA 	Mouse: Left button down, pos=(390,440)
83.8162 	EXP 	page: autoDraw = True
83.8585 	EXP 	page: autoDraw = True
83.8858 	EXP 	page: autoDraw = True
83.9184 	EXP 	page: autoDraw = True
83.9569 	EXP 	page: autoDraw = True
83.9636 	DATA 	Mouse:  Left button up, pos=(390,440)
83.9856 	EXP 	page: autoDraw = True
84.0114 	EXP 	page: autoDraw = True
84.0399 	EXP 	page: autoDraw = True
84.0769 	EXP 	page: autoDraw = True
84.1035 	EXP 	page: autoDraw = True
84.1381 	EXP 	page: autoDraw = True
84.1690 	EXP 	page: autoDraw = True
84.1998 	EXP 	page: autoDraw = True
84.2336 	EXP 	page: autoDraw = True
84.2695 	EXP 	page: autoDraw = True
84.3102 	EXP 	page: autoDraw = True
84.3385 	EXP 	page: autoDraw = True
84.3720 	EXP 	page: autoDraw = True
84.4167 	EXP 	page: autoDraw = True
84.4470 	EXP 	page: autoDraw = True
84.4806 	EXP 	page: autoDraw = True
84.5156 	EXP 	page: autoDraw = True
84.5443 	EXP 	page: autoDraw = True
84.5866 	EXP 	page: autoDraw = True
84.6140 	EXP 	page: autoDraw = True
84.6391 	EXP 	page: autoDraw = True
84.6692 	EXP 	page: autoDraw = True
84.7089 	EXP 	page: autoDraw = True
84.7330 	EXP 	page: autoDraw = True
84.7574 	EXP 	page: autoDraw = True
84.7816 	EXP 	page: autoDraw = True
84.8122 	EXP 	page: autoDraw = True
84.8404 	EXP 	page: autoDraw = True
84.8752 	EXP 	page: autoDraw = True
84.9100 	EXP 	page: autoDraw = True
84.9493 	EXP 	page: autoDraw = True
84.9788 	EXP 	page: autoDraw = True
84.9950 	DATA 	Mouse: Left button down, pos=(505,688)
85.0086 	EXP 	page: autoDraw = True
85.0393 	EXP 	page: autoDraw = True
85.0677 	EXP 	page: autoDraw = True
85.0716 	DATA 	Mouse:  Left button up, pos=(505,688)
85.1012 	EXP 	page: autoDraw = True
85.1324 	EXP 	page: autoDraw = True
85.1648 	EXP 	page: autoDraw = True
85.1975 	EXP 	page: autoDraw = True
85.2301 	EXP 	page: autoDraw = True
85.2582 	EXP 	page: autoDraw = True
85.2836 	EXP 	page: autoDraw = True
85.3160 	EXP 	page: autoDraw = True
85.3527 	EXP 	page: autoDraw = True
85.3851 	EXP 	page: autoDraw = True
85.4235 	EXP 	page: autoDraw = True
85.4613 	EXP 	page: autoDraw = True
85.4879 	EXP 	page: autoDraw = True
85.5211 	EXP 	page: autoDraw = True
85.5541 	EXP 	page: autoDraw = True
85.5808 	EXP 	page: autoDraw = True
85.6093 	EXP 	page: autoDraw = True
85.6430 	EXP 	page: autoDraw = True
85.6794 	EXP 	page: autoDraw = True
85.7218 	EXP 	page: autoDraw = True
85.7515 	EXP 	page: autoDraw = True
85.7788 	EXP 	page: autoDraw = True
85.8039 	EXP 	page: autoDraw = True
85.8329 	EXP 	page: autoDraw = True
85.8589 	EXP 	page: autoDraw = True
85.8866 	EXP 	page: autoDraw = True
85.9160 	EXP 	page: autoDraw = True
85.9425 	EXP 	page: autoDraw = True
85.9725 	EXP 	page: autoDraw = True
85.9989 	EXP 	page: autoDraw = True
86.0024 	DATA 	Mouse: Left button down, pos=(1003,687)
86.0229 	EXP 	page: autoDraw = True
86.0229 	EXP 	ref: autoDraw = False
86.0229 	EXP 	stim1: autoDraw = False
86.0229 	EXP 	stim2: autoDraw = False
86.0229 	EXP 	stim3: autoDraw = False
86.0229 	EXP 	stim4: autoDraw = False
86.0229 	EXP 	stim5: autoDraw = False
86.0229 	EXP 	stim6: autoDraw = False
86.0229 	EXP 	stim7: autoDraw = False
86.0229 	EXP 	stim8: autoDraw = False
86.3747 	EXP 	New trial (rep=0, index=3): OrderedDict([('ref', 'bear'), ('stim1', 'turtle'), ('stim2', 'ladybug'), ('stim3', 'cat'), ('stim4', 'monkey'), ('stim5', 'ant'), ('stim6', 'giraffe'), ('stim7', 'goldfish'), ('stim8', 'owl')])
86.3750 	EXP 	window1: mouseVisible = True
86.3998 	DATA 	Mouse:  Left button up, pos=(931,597)
86.4233 	EXP 	stim1: text = 'turtle'
86.4233 	EXP 	stim2: text = 'ladybug'
86.4233 	EXP 	stim3: text = 'cat'
86.4233 	EXP 	stim4: text = 'monkey'
86.4233 	EXP 	stim5: text = 'ant'
86.4233 	EXP 	stim6: text = 'giraffe'
86.4233 	EXP 	stim7: text = 'goldfish'
86.4233 	EXP 	stim8: text = 'owl'
86.4233 	EXP 	ref: text = 'bear'
86.4233 	EXP 	page: text = '4'
86.4233 	EXP 	page: autoDraw = True
86.4233 	EXP 	ref: autoDraw = True
86.4233 	EXP 	stim1: autoDraw = True
86.4233 	EXP 	stim2: autoDraw = True
86.4233 	EXP 	stim3: autoDraw = True
86.4233 	EXP 	stim4: autoDraw = True
86.4233 	EXP 	stim5: autoDraw = True
86.4233 	EXP 	stim6: autoDraw = True
86.4233 	EXP 	stim7: autoDraw = True
86.4233 	EXP 	stim8: autoDraw = True
86.4543 	EXP 	page: autoDraw = True
86.4835 	EXP 	page: autoDraw = True
86.5114 	EXP 	page: autoDraw = True
86.5420 	EXP 	page: autoDraw = True
86.5745 	EXP 	page: autoDraw = True
86.6034 	EXP 	page: autoDraw = True
86.6347 	EXP 	page: autoDraw = True
86.6668 	EXP 	page: autoDraw = True
86.6974 	EXP 	page: autoDraw = True
86.7291 	EXP 	page: autoDraw = True
86.7575 	EXP 	page: autoDraw = True
86.7872 	EXP 	page: autoDraw = True
86.8177 	EXP 	page: autoDraw = True
86.8500 	EXP 	page: autoDraw = True
86.8794 	EXP 	page: autoDraw = True
86.9047 	EXP 	page: autoDraw = True
86.9334 	EXP 	page: autoDraw = True
86.9700 	EXP 	page: autoDraw = True
86.9985 	EXP 	page: autoDraw = True
87.0304 	EXP 	page: autoDraw = True
87.0617 	EXP 	page: autoDraw = True
87.0914 	EXP 	page: autoDraw = True
87.1205 	EXP 	page: autoDraw = True
87.1537 	EXP 	page: autoDraw = True
87.1846 	EXP 	page: autoDraw = True
87.2233 	EXP 	page: autoDraw = True
87.2512 	EXP 	page: autoDraw = True
87.2781 	EXP 	page: autoDraw = True
87.3063 	EXP 	page: autoDraw = True
87.3381 	EXP 	page: autoDraw = True
87.3705 	EXP 	page: autoDraw = True
87.4024 	EXP 	page: autoDraw = True
87.4316 	EXP 	page: autoDraw = True
87.4669 	EXP 	page: autoDraw = True
87.4929 	EXP 	page: autoDraw = True
87.5230 	EXP 	page: autoDraw = True
87.5549 	EXP 	page: autoDraw = True
87.5842 	EXP 	page: autoDraw = True
87.6145 	EXP 	page: autoDraw = True
87.6490 	EXP 	page: autoDraw = True
87.6740 	EXP 	page: autoDraw = True
87.7029 	EXP 	page: autoDraw = True
87.7392 	EXP 	page: autoDraw = True
87.7663 	EXP 	page: autoDraw = True
87.7959 	EXP 	page: autoDraw = True
87.8282 	EXP 	page: autoDraw = True
87.8560 	EXP 	page: autoDraw = True
87.8860 	EXP 	page: autoDraw = True
87.9159 	EXP 	page: autoDraw = True
87.9454 	EXP 	page: autoDraw = True
87.9774 	EXP 	page: autoDraw = True
88.0055 	EXP 	page: autoDraw = True
88.0334 	EXP 	page: autoDraw = True
88.0646 	EXP 	page: autoDraw = True
88.0931 	EXP 	page: autoDraw = True
88.1256 	EXP 	page: autoDraw = True
88.1594 	EXP 	page: autoDraw = True
88.1996 	EXP 	page: autoDraw = True
88.2280 	EXP 	page: autoDraw = True
88.2902 	EXP 	page: autoDraw = True
88.3277 	EXP 	page: autoDraw = True
88.3522 	EXP 	page: autoDraw = True
88.3821 	EXP 	page: autoDraw = True
88.4135 	EXP 	page: autoDraw = True
88.4458 	EXP 	page: autoDraw = True
88.4820 	EXP 	page: autoDraw = True
88.5111 	EXP 	page: autoDraw = True
88.5453 	EXP 	page: autoDraw = True
88.5781 	EXP 	page: autoDraw = True
88.6124 	EXP 	page: autoDraw = True
88.6564 	EXP 	page: autoDraw = True
88.8213 	EXP 	page: autoDraw = True
88.8723 	EXP 	page: autoDraw = True
88.9042 	EXP 	page: autoDraw = True
88.9323 	EXP 	page: autoDraw = True
88.9619 	EXP 	page: autoDraw = True
88.9875 	EXP 	page: autoDraw = True
89.0195 	EXP 	page: autoDraw = True
89.0454 	EXP 	page: autoDraw = True
89.0741 	EXP 	page: autoDraw = True
89.1048 	EXP 	page: autoDraw = True
89.1300 	EXP 	page: autoDraw = True
89.1544 	EXP 	page: autoDraw = True
89.1866 	EXP 	page: autoDraw = True
89.2152 	EXP 	page: autoDraw = True
89.2376 	EXP 	page: autoDraw = True
89.2685 	EXP 	page: autoDraw = True
89.2922 	EXP 	page: autoDraw = True
89.3180 	EXP 	page: autoDraw = True
89.3425 	EXP 	page: autoDraw = True
89.3686 	EXP 	page: autoDraw = True
89.3945 	EXP 	page: autoDraw = True
89.4204 	EXP 	page: autoDraw = True
89.4450 	EXP 	page: autoDraw = True
89.4713 	EXP 	page: autoDraw = True
89.4940 	EXP 	page: autoDraw = True
89.5187 	EXP 	page: autoDraw = True
89.5440 	EXP 	page: autoDraw = True
89.5724 	EXP 	page: autoDraw = True
89.6029 	EXP 	page: autoDraw = True
89.6254 	EXP 	page: autoDraw = True
89.6495 	EXP 	page: autoDraw = True
89.6737 	EXP 	page: autoDraw = True
89.7016 	EXP 	page: autoDraw = True
89.7306 	EXP 	page: autoDraw = True
89.7521 	EXP 	page: autoDraw = True
89.7802 	EXP 	page: autoDraw = True
89.8049 	EXP 	page: autoDraw = True
89.8288 	EXP 	page: autoDraw = True
89.8556 	EXP 	page: autoDraw = True
89.8771 	EXP 	page: autoDraw = True
89.9073 	EXP 	page: autoDraw = True
89.9292 	EXP 	page: autoDraw = True
89.9534 	EXP 	page: autoDraw = True
89.9818 	EXP 	page: autoDraw = True
90.0059 	EXP 	page: autoDraw = True
90.0366 	EXP 	page: autoDraw = True
90.0904 	EXP 	page: autoDraw = True
90.1211 	EXP 	page: autoDraw = True
90.1444 	EXP 	page: autoDraw = True
90.1707 	EXP 	page: autoDraw = True
90.1976 	EXP 	page: autoDraw = True
90.2233 	EXP 	page: autoDraw = True
90.2508 	EXP 	page: autoDraw = True
90.2741 	EXP 	page: autoDraw = True
90.2993 	EXP 	page: autoDraw = True
90.3237 	EXP 	page: autoDraw = True
90.3515 	EXP 	page: autoDraw = True
90.3782 	EXP 	page: autoDraw = True
90.4063 	EXP 	page: autoDraw = True
90.4336 	EXP 	page: autoDraw = True
90.4594 	EXP 	page: autoDraw = True
90.4829 	EXP 	page: autoDraw = True
90.5098 	EXP 	page: autoDraw = True
90.5364 	EXP 	page: autoDraw = True
90.5635 	EXP 	page: autoDraw = True
90.5870 	EXP 	page: autoDraw = True
90.6161 	EXP 	page: autoDraw = True
90.6438 	EXP 	page: autoDraw = True
90.6714 	EXP 	page: autoDraw = True
90.6987 	EXP 	page: autoDraw = True
90.7216 	EXP 	page: autoDraw = True
90.7488 	EXP 	page: autoDraw = True
90.7708 	EXP 	page: autoDraw = True
90.7971 	EXP 	page: autoDraw = True
90.8225 	EXP 	page: autoDraw = True
90.8502 	EXP 	page: autoDraw = True
90.8740 	EXP 	page: autoDraw = True
90.8991 	EXP 	page: autoDraw = True
90.9251 	EXP 	page: autoDraw = True
90.9481 	EXP 	page: autoDraw = True
90.9754 	EXP 	page: autoDraw = True
91.0026 	EXP 	page: autoDraw = True
91.0253 	EXP 	page: autoDraw = True
91.0511 	EXP 	page: autoDraw = True
91.0814 	EXP 	page: autoDraw = True
91.1070 	EXP 	page: autoDraw = True
91.1334 	EXP 	page: autoDraw = True
91.1624 	EXP 	page: autoDraw = True
91.1882 	EXP 	page: autoDraw = True
91.2210 	EXP 	page: autoDraw = True
91.2453 	EXP 	page: autoDraw = True
91.2721 	EXP 	page: autoDraw = True
91.2982 	EXP 	page: autoDraw = True
91.3269 	EXP 	page: autoDraw = True
91.3541 	EXP 	page: autoDraw = True
91.3810 	EXP 	page: autoDraw = True
91.4090 	EXP 	page: autoDraw = True
91.4369 	EXP 	page: autoDraw = True
91.4662 	EXP 	page: autoDraw = True
91.4941 	EXP 	page: autoDraw = True
91.5210 	EXP 	page: autoDraw = True
91.5484 	EXP 	page: autoDraw = True
91.5768 	EXP 	page: autoDraw = True
91.6029 	EXP 	page: autoDraw = True
91.6295 	EXP 	page: autoDraw = True
91.6560 	EXP 	page: autoDraw = True
91.6815 	EXP 	page: autoDraw = True
91.7092 	EXP 	page: autoDraw = True
91.7391 	EXP 	page: autoDraw = True
91.7664 	EXP 	page: autoDraw = True
91.7945 	EXP 	page: autoDraw = True
91.8222 	EXP 	page: autoDraw = True
91.8500 	EXP 	page: autoDraw = True
91.8777 	EXP 	page: autoDraw = True
91.9043 	EXP 	page: autoDraw = True
91.9341 	EXP 	page: autoDraw = True
91.9617 	EXP 	page: autoDraw = True
91.9878 	EXP 	page: autoDraw = True
92.0170 	EXP 	page: autoDraw = True
92.0468 	EXP 	page: autoDraw = True
92.0732 	EXP 	page: autoDraw = True
92.0995 	EXP 	page: autoDraw = True
92.1309 	EXP 	page: autoDraw = True
92.1562 	EXP 	page: autoDraw = True
92.1813 	EXP 	page: autoDraw = True
92.2073 	EXP 	page: autoDraw = True
92.2376 	EXP 	page: autoDraw = True
92.2648 	EXP 	page: autoDraw = True
92.2909 	EXP 	page: autoDraw = True
92.3181 	EXP 	page: autoDraw = True
92.3477 	EXP 	page: autoDraw = True
92.3758 	EXP 	page: autoDraw = True
92.3803 	DATA 	Keypress: escape
92.4139 	EXP 	page: autoDraw = True
93.0728 	EXP 	window1: mouseVisible = True
